2025-09-16 22:31:50,648 - INFO - ==================================================
2025-09-16 22:31:50,648 - INFO - 新京报爬虫开始运行
2025-09-16 22:31:50,648 - INFO - 输出目录: D:\CENTER\Data\2025\报纸\报纸源文本\新京
2025-09-16 22:31:50,648 - INFO - 最大日期数: 31
2025-09-16 22:31:50,648 - INFO - ==================================================
2025-09-16 22:31:50,649 - INFO - 开始获取可用日期列表
2025-09-16 22:31:56,403 - INFO - 获取日期 1: https://epaper.bjnews.com.cn/html/2025/20250916/20250916_A01/20250916_A01_269.html
2025-09-16 22:31:57,718 - ERROR - 处理日期元素时出错: Message: stale element reference: stale element not found
  (Session info: chrome=140.0.7339.128); For documentation on this error, please visit: https://www.selenium.dev/documentation/webdriver/troubleshooting/errors#staleelementreferenceexception
Stacktrace:
	GetHandleVerifier [0x0x7ff61402fc95+79861]
	GetHandleVerifier [0x0x7ff61402fcf0+79952]
	(No symbol) [0x0x7ff613dacada]
	(No symbol) [0x0x7ff613dc3295]
	(No symbol) [0x0x7ff613dc1d83]
	(No symbol) [0x0x7ff613db5377]
	(No symbol) [0x0x7ff613db3230]
	(No symbol) [0x0x7ff613db770f]
	(No symbol) [0x0x7ff613db77cf]
	(No symbol) [0x0x7ff613dfde36]
	(No symbol) [0x0x7ff613e2cada]
	(No symbol) [0x0x7ff613df6bc6]
	(No symbol) [0x0x7ff613e2ccf0]
	(No symbol) [0x0x7ff613e54f8b]
	(No symbol) [0x0x7ff613e2c8b3]
	(No symbol) [0x0x7ff613df5272]
	(No symbol) [0x0x7ff613df6043]
	GetHandleVerifier [0x0x7ff6142eb9cd+2946349]
	GetHandleVerifier [0x0x7ff6142e5c4a+2922410]
	GetHandleVerifier [0x0x7ff6143059d7+3052855]
	GetHandleVerifier [0x0x7ff61404aa7e+189918]
	GetHandleVerifier [0x0x7ff614052a1f+222591]
	GetHandleVerifier [0x0x7ff614038ab4+116244]
	GetHandleVerifier [0x0x7ff614038c69+116681]
	GetHandleVerifier [0x0x7ff61401f048+11176]
	BaseThreadInitThunk [0x0x7ffca227e8d7+23]
	RtlUserThreadStart [0x0x7ffca2bc8d9c+44]

2025-09-16 22:31:57,724 - ERROR - 处理日期元素时出错: Message: stale element reference: stale element not found
  (Session info: chrome=140.0.7339.128); For documentation on this error, please visit: https://www.selenium.dev/documentation/webdriver/troubleshooting/errors#staleelementreferenceexception
Stacktrace:
	GetHandleVerifier [0x0x7ff61402fc95+79861]
	GetHandleVerifier [0x0x7ff61402fcf0+79952]
	(No symbol) [0x0x7ff613dacada]
	(No symbol) [0x0x7ff613dc3295]
	(No symbol) [0x0x7ff613dc1d83]
	(No symbol) [0x0x7ff613db5377]
	(No symbol) [0x0x7ff613db3230]
	(No symbol) [0x0x7ff613db770f]
	(No symbol) [0x0x7ff613db77cf]
	(No symbol) [0x0x7ff613dfde36]
	(No symbol) [0x0x7ff613e2cada]
	(No symbol) [0x0x7ff613df6bc6]
	(No symbol) [0x0x7ff613e2ccf0]
	(No symbol) [0x0x7ff613e54f8b]
	(No symbol) [0x0x7ff613e2c8b3]
	(No symbol) [0x0x7ff613df5272]
	(No symbol) [0x0x7ff613df6043]
	GetHandleVerifier [0x0x7ff6142eb9cd+2946349]
	GetHandleVerifier [0x0x7ff6142e5c4a+2922410]
	GetHandleVerifier [0x0x7ff6143059d7+3052855]
	GetHandleVerifier [0x0x7ff61404aa7e+189918]
	GetHandleVerifier [0x0x7ff614052a1f+222591]
	GetHandleVerifier [0x0x7ff614038ab4+116244]
	GetHandleVerifier [0x0x7ff614038c69+116681]
	GetHandleVerifier [0x0x7ff61401f048+11176]
	BaseThreadInitThunk [0x0x7ffca227e8d7+23]
	RtlUserThreadStart [0x0x7ffca2bc8d9c+44]

2025-09-16 22:31:57,727 - ERROR - 处理日期元素时出错: Message: stale element reference: stale element not found
  (Session info: chrome=140.0.7339.128); For documentation on this error, please visit: https://www.selenium.dev/documentation/webdriver/troubleshooting/errors#staleelementreferenceexception
Stacktrace:
	GetHandleVerifier [0x0x7ff61402fc95+79861]
	GetHandleVerifier [0x0x7ff61402fcf0+79952]
	(No symbol) [0x0x7ff613dacada]
	(No symbol) [0x0x7ff613dc3295]
	(No symbol) [0x0x7ff613dc1d83]
	(No symbol) [0x0x7ff613db5377]
	(No symbol) [0x0x7ff613db3230]
	(No symbol) [0x0x7ff613db770f]
	(No symbol) [0x0x7ff613db77cf]
	(No symbol) [0x0x7ff613dfde36]
	(No symbol) [0x0x7ff613e2cada]
	(No symbol) [0x0x7ff613df6bc6]
	(No symbol) [0x0x7ff613e2ccf0]
	(No symbol) [0x0x7ff613e54f8b]
	(No symbol) [0x0x7ff613e2c8b3]
	(No symbol) [0x0x7ff613df5272]
	(No symbol) [0x0x7ff613df6043]
	GetHandleVerifier [0x0x7ff6142eb9cd+2946349]
	GetHandleVerifier [0x0x7ff6142e5c4a+2922410]
	GetHandleVerifier [0x0x7ff6143059d7+3052855]
	GetHandleVerifier [0x0x7ff61404aa7e+189918]
	GetHandleVerifier [0x0x7ff614052a1f+222591]
	GetHandleVerifier [0x0x7ff614038ab4+116244]
	GetHandleVerifier [0x0x7ff614038c69+116681]
	GetHandleVerifier [0x0x7ff61401f048+11176]
	BaseThreadInitThunk [0x0x7ffca227e8d7+23]
	RtlUserThreadStart [0x0x7ffca2bc8d9c+44]

2025-09-16 22:31:57,730 - ERROR - 处理日期元素时出错: Message: stale element reference: stale element not found
  (Session info: chrome=140.0.7339.128); For documentation on this error, please visit: https://www.selenium.dev/documentation/webdriver/troubleshooting/errors#staleelementreferenceexception
Stacktrace:
	GetHandleVerifier [0x0x7ff61402fc95+79861]
	GetHandleVerifier [0x0x7ff61402fcf0+79952]
	(No symbol) [0x0x7ff613dacada]
	(No symbol) [0x0x7ff613dc3295]
	(No symbol) [0x0x7ff613dc1d83]
	(No symbol) [0x0x7ff613db5377]
	(No symbol) [0x0x7ff613db3230]
	(No symbol) [0x0x7ff613db770f]
	(No symbol) [0x0x7ff613db77cf]
	(No symbol) [0x0x7ff613dfde36]
	(No symbol) [0x0x7ff613e2cada]
	(No symbol) [0x0x7ff613df6bc6]
	(No symbol) [0x0x7ff613e2ccf0]
	(No symbol) [0x0x7ff613e54f8b]
	(No symbol) [0x0x7ff613e2c8b3]
	(No symbol) [0x0x7ff613df5272]
	(No symbol) [0x0x7ff613df6043]
	GetHandleVerifier [0x0x7ff6142eb9cd+2946349]
	GetHandleVerifier [0x0x7ff6142e5c4a+2922410]
	GetHandleVerifier [0x0x7ff6143059d7+3052855]
	GetHandleVerifier [0x0x7ff61404aa7e+189918]
	GetHandleVerifier [0x0x7ff614052a1f+222591]
	GetHandleVerifier [0x0x7ff614038ab4+116244]
	GetHandleVerifier [0x0x7ff614038c69+116681]
	GetHandleVerifier [0x0x7ff61401f048+11176]
	BaseThreadInitThunk [0x0x7ffca227e8d7+23]
	RtlUserThreadStart [0x0x7ffca2bc8d9c+44]

2025-09-16 22:31:57,734 - ERROR - 处理日期元素时出错: Message: stale element reference: stale element not found
  (Session info: chrome=140.0.7339.128); For documentation on this error, please visit: https://www.selenium.dev/documentation/webdriver/troubleshooting/errors#staleelementreferenceexception
Stacktrace:
	GetHandleVerifier [0x0x7ff61402fc95+79861]
	GetHandleVerifier [0x0x7ff61402fcf0+79952]
	(No symbol) [0x0x7ff613dacada]
	(No symbol) [0x0x7ff613dc3295]
	(No symbol) [0x0x7ff613dc1d83]
	(No symbol) [0x0x7ff613db5377]
	(No symbol) [0x0x7ff613db3230]
	(No symbol) [0x0x7ff613db770f]
	(No symbol) [0x0x7ff613db77cf]
	(No symbol) [0x0x7ff613dfde36]
	(No symbol) [0x0x7ff613e2cada]
	(No symbol) [0x0x7ff613df6bc6]
	(No symbol) [0x0x7ff613e2ccf0]
	(No symbol) [0x0x7ff613e54f8b]
	(No symbol) [0x0x7ff613e2c8b3]
	(No symbol) [0x0x7ff613df5272]
	(No symbol) [0x0x7ff613df6043]
	GetHandleVerifier [0x0x7ff6142eb9cd+2946349]
	GetHandleVerifier [0x0x7ff6142e5c4a+2922410]
	GetHandleVerifier [0x0x7ff6143059d7+3052855]
	GetHandleVerifier [0x0x7ff61404aa7e+189918]
	GetHandleVerifier [0x0x7ff614052a1f+222591]
	GetHandleVerifier [0x0x7ff614038ab4+116244]
	GetHandleVerifier [0x0x7ff614038c69+116681]
	GetHandleVerifier [0x0x7ff61401f048+11176]
	BaseThreadInitThunk [0x0x7ffca227e8d7+23]
	RtlUserThreadStart [0x0x7ffca2bc8d9c+44]

2025-09-16 22:31:57,739 - ERROR - 处理日期元素时出错: Message: stale element reference: stale element not found
  (Session info: chrome=140.0.7339.128); For documentation on this error, please visit: https://www.selenium.dev/documentation/webdriver/troubleshooting/errors#staleelementreferenceexception
Stacktrace:
	GetHandleVerifier [0x0x7ff61402fc95+79861]
	GetHandleVerifier [0x0x7ff61402fcf0+79952]
	(No symbol) [0x0x7ff613dacada]
	(No symbol) [0x0x7ff613dc3295]
	(No symbol) [0x0x7ff613dc1d83]
	(No symbol) [0x0x7ff613db5377]
	(No symbol) [0x0x7ff613db3230]
	(No symbol) [0x0x7ff613db770f]
	(No symbol) [0x0x7ff613db77cf]
	(No symbol) [0x0x7ff613dfde36]
	(No symbol) [0x0x7ff613e2cada]
	(No symbol) [0x0x7ff613df6bc6]
	(No symbol) [0x0x7ff613e2ccf0]
	(No symbol) [0x0x7ff613e54f8b]
	(No symbol) [0x0x7ff613e2c8b3]
	(No symbol) [0x0x7ff613df5272]
	(No symbol) [0x0x7ff613df6043]
	GetHandleVerifier [0x0x7ff6142eb9cd+2946349]
	GetHandleVerifier [0x0x7ff6142e5c4a+2922410]
	GetHandleVerifier [0x0x7ff6143059d7+3052855]
	GetHandleVerifier [0x0x7ff61404aa7e+189918]
	GetHandleVerifier [0x0x7ff614052a1f+222591]
	GetHandleVerifier [0x0x7ff614038ab4+116244]
	GetHandleVerifier [0x0x7ff614038c69+116681]
	GetHandleVerifier [0x0x7ff61401f048+11176]
	BaseThreadInitThunk [0x0x7ffca227e8d7+23]
	RtlUserThreadStart [0x0x7ffca2bc8d9c+44]

2025-09-16 22:31:57,740 - ERROR - 处理日期元素时出错: Message: stale element reference: stale element not found
  (Session info: chrome=140.0.7339.128); For documentation on this error, please visit: https://www.selenium.dev/documentation/webdriver/troubleshooting/errors#staleelementreferenceexception
Stacktrace:
	GetHandleVerifier [0x0x7ff61402fc95+79861]
	GetHandleVerifier [0x0x7ff61402fcf0+79952]
	(No symbol) [0x0x7ff613dacada]
	(No symbol) [0x0x7ff613dc3295]
	(No symbol) [0x0x7ff613dc1d83]
	(No symbol) [0x0x7ff613db5377]
	(No symbol) [0x0x7ff613db3230]
	(No symbol) [0x0x7ff613db770f]
	(No symbol) [0x0x7ff613db77cf]
	(No symbol) [0x0x7ff613dfde36]
	(No symbol) [0x0x7ff613e2cada]
	(No symbol) [0x0x7ff613df6bc6]
	(No symbol) [0x0x7ff613e2ccf0]
	(No symbol) [0x0x7ff613e54f8b]
	(No symbol) [0x0x7ff613e2c8b3]
	(No symbol) [0x0x7ff613df5272]
	(No symbol) [0x0x7ff613df6043]
	GetHandleVerifier [0x0x7ff6142eb9cd+2946349]
	GetHandleVerifier [0x0x7ff6142e5c4a+2922410]
	GetHandleVerifier [0x0x7ff6143059d7+3052855]
	GetHandleVerifier [0x0x7ff61404aa7e+189918]
	GetHandleVerifier [0x0x7ff614052a1f+222591]
	GetHandleVerifier [0x0x7ff614038ab4+116244]
	GetHandleVerifier [0x0x7ff614038c69+116681]
	GetHandleVerifier [0x0x7ff61401f048+11176]
	BaseThreadInitThunk [0x0x7ffca227e8d7+23]
	RtlUserThreadStart [0x0x7ffca2bc8d9c+44]

2025-09-16 22:31:57,742 - ERROR - 处理日期元素时出错: Message: stale element reference: stale element not found
  (Session info: chrome=140.0.7339.128); For documentation on this error, please visit: https://www.selenium.dev/documentation/webdriver/troubleshooting/errors#staleelementreferenceexception
Stacktrace:
	GetHandleVerifier [0x0x7ff61402fc95+79861]
	GetHandleVerifier [0x0x7ff61402fcf0+79952]
	(No symbol) [0x0x7ff613dacada]
	(No symbol) [0x0x7ff613dc3295]
	(No symbol) [0x0x7ff613dc1d83]
	(No symbol) [0x0x7ff613db5377]
	(No symbol) [0x0x7ff613db3230]
	(No symbol) [0x0x7ff613db770f]
	(No symbol) [0x0x7ff613db77cf]
	(No symbol) [0x0x7ff613dfde36]
	(No symbol) [0x0x7ff613e2cada]
	(No symbol) [0x0x7ff613df6bc6]
	(No symbol) [0x0x7ff613e2ccf0]
	(No symbol) [0x0x7ff613e54f8b]
	(No symbol) [0x0x7ff613e2c8b3]
	(No symbol) [0x0x7ff613df5272]
	(No symbol) [0x0x7ff613df6043]
	GetHandleVerifier [0x0x7ff6142eb9cd+2946349]
	GetHandleVerifier [0x0x7ff6142e5c4a+2922410]
	GetHandleVerifier [0x0x7ff6143059d7+3052855]
	GetHandleVerifier [0x0x7ff61404aa7e+189918]
	GetHandleVerifier [0x0x7ff614052a1f+222591]
	GetHandleVerifier [0x0x7ff614038ab4+116244]
	GetHandleVerifier [0x0x7ff614038c69+116681]
	GetHandleVerifier [0x0x7ff61401f048+11176]
	BaseThreadInitThunk [0x0x7ffca227e8d7+23]
	RtlUserThreadStart [0x0x7ffca2bc8d9c+44]

2025-09-16 22:31:57,745 - ERROR - 处理日期元素时出错: Message: stale element reference: stale element not found
  (Session info: chrome=140.0.7339.128); For documentation on this error, please visit: https://www.selenium.dev/documentation/webdriver/troubleshooting/errors#staleelementreferenceexception
Stacktrace:
	GetHandleVerifier [0x0x7ff61402fc95+79861]
	GetHandleVerifier [0x0x7ff61402fcf0+79952]
	(No symbol) [0x0x7ff613dacada]
	(No symbol) [0x0x7ff613dc3295]
	(No symbol) [0x0x7ff613dc1d83]
	(No symbol) [0x0x7ff613db5377]
	(No symbol) [0x0x7ff613db3230]
	(No symbol) [0x0x7ff613db770f]
	(No symbol) [0x0x7ff613db77cf]
	(No symbol) [0x0x7ff613dfde36]
	(No symbol) [0x0x7ff613e2cada]
	(No symbol) [0x0x7ff613df6bc6]
	(No symbol) [0x0x7ff613e2ccf0]
	(No symbol) [0x0x7ff613e54f8b]
	(No symbol) [0x0x7ff613e2c8b3]
	(No symbol) [0x0x7ff613df5272]
	(No symbol) [0x0x7ff613df6043]
	GetHandleVerifier [0x0x7ff6142eb9cd+2946349]
	GetHandleVerifier [0x0x7ff6142e5c4a+2922410]
	GetHandleVerifier [0x0x7ff6143059d7+3052855]
	GetHandleVerifier [0x0x7ff61404aa7e+189918]
	GetHandleVerifier [0x0x7ff614052a1f+222591]
	GetHandleVerifier [0x0x7ff614038ab4+116244]
	GetHandleVerifier [0x0x7ff614038c69+116681]
	GetHandleVerifier [0x0x7ff61401f048+11176]
	BaseThreadInitThunk [0x0x7ffca227e8d7+23]
	RtlUserThreadStart [0x0x7ffca2bc8d9c+44]

2025-09-16 22:31:57,748 - ERROR - 处理日期元素时出错: Message: stale element reference: stale element not found
  (Session info: chrome=140.0.7339.128); For documentation on this error, please visit: https://www.selenium.dev/documentation/webdriver/troubleshooting/errors#staleelementreferenceexception
Stacktrace:
	GetHandleVerifier [0x0x7ff61402fc95+79861]
	GetHandleVerifier [0x0x7ff61402fcf0+79952]
	(No symbol) [0x0x7ff613dacada]
	(No symbol) [0x0x7ff613dc3295]
	(No symbol) [0x0x7ff613dc1d83]
	(No symbol) [0x0x7ff613db5377]
	(No symbol) [0x0x7ff613db3230]
	(No symbol) [0x0x7ff613db770f]
	(No symbol) [0x0x7ff613db77cf]
	(No symbol) [0x0x7ff613dfde36]
	(No symbol) [0x0x7ff613e2cada]
	(No symbol) [0x0x7ff613df6bc6]
	(No symbol) [0x0x7ff613e2ccf0]
	(No symbol) [0x0x7ff613e54f8b]
	(No symbol) [0x0x7ff613e2c8b3]
	(No symbol) [0x0x7ff613df5272]
	(No symbol) [0x0x7ff613df6043]
	GetHandleVerifier [0x0x7ff6142eb9cd+2946349]
	GetHandleVerifier [0x0x7ff6142e5c4a+2922410]
	GetHandleVerifier [0x0x7ff6143059d7+3052855]
	GetHandleVerifier [0x0x7ff61404aa7e+189918]
	GetHandleVerifier [0x0x7ff614052a1f+222591]
	GetHandleVerifier [0x0x7ff614038ab4+116244]
	GetHandleVerifier [0x0x7ff614038c69+116681]
	GetHandleVerifier [0x0x7ff61401f048+11176]
	BaseThreadInitThunk [0x0x7ffca227e8d7+23]
	RtlUserThreadStart [0x0x7ffca2bc8d9c+44]

2025-09-16 22:31:57,751 - ERROR - 处理日期元素时出错: Message: stale element reference: stale element not found
  (Session info: chrome=140.0.7339.128); For documentation on this error, please visit: https://www.selenium.dev/documentation/webdriver/troubleshooting/errors#staleelementreferenceexception
Stacktrace:
	GetHandleVerifier [0x0x7ff61402fc95+79861]
	GetHandleVerifier [0x0x7ff61402fcf0+79952]
	(No symbol) [0x0x7ff613dacada]
	(No symbol) [0x0x7ff613dc3295]
	(No symbol) [0x0x7ff613dc1d83]
	(No symbol) [0x0x7ff613db5377]
	(No symbol) [0x0x7ff613db3230]
	(No symbol) [0x0x7ff613db770f]
	(No symbol) [0x0x7ff613db77cf]
	(No symbol) [0x0x7ff613dfde36]
	(No symbol) [0x0x7ff613e2cada]
	(No symbol) [0x0x7ff613df6bc6]
	(No symbol) [0x0x7ff613e2ccf0]
	(No symbol) [0x0x7ff613e54f8b]
	(No symbol) [0x0x7ff613e2c8b3]
	(No symbol) [0x0x7ff613df5272]
	(No symbol) [0x0x7ff613df6043]
	GetHandleVerifier [0x0x7ff6142eb9cd+2946349]
	GetHandleVerifier [0x0x7ff6142e5c4a+2922410]
	GetHandleVerifier [0x0x7ff6143059d7+3052855]
	GetHandleVerifier [0x0x7ff61404aa7e+189918]
	GetHandleVerifier [0x0x7ff614052a1f+222591]
	GetHandleVerifier [0x0x7ff614038ab4+116244]
	GetHandleVerifier [0x0x7ff614038c69+116681]
	GetHandleVerifier [0x0x7ff61401f048+11176]
	BaseThreadInitThunk [0x0x7ffca227e8d7+23]
	RtlUserThreadStart [0x0x7ffca2bc8d9c+44]

2025-09-16 22:31:57,753 - ERROR - 处理日期元素时出错: Message: stale element reference: stale element not found
  (Session info: chrome=140.0.7339.128); For documentation on this error, please visit: https://www.selenium.dev/documentation/webdriver/troubleshooting/errors#staleelementreferenceexception
Stacktrace:
	GetHandleVerifier [0x0x7ff61402fc95+79861]
	GetHandleVerifier [0x0x7ff61402fcf0+79952]
	(No symbol) [0x0x7ff613dacada]
	(No symbol) [0x0x7ff613dc3295]
	(No symbol) [0x0x7ff613dc1d83]
	(No symbol) [0x0x7ff613db5377]
	(No symbol) [0x0x7ff613db3230]
	(No symbol) [0x0x7ff613db770f]
	(No symbol) [0x0x7ff613db77cf]
	(No symbol) [0x0x7ff613dfde36]
	(No symbol) [0x0x7ff613e2cada]
	(No symbol) [0x0x7ff613df6bc6]
	(No symbol) [0x0x7ff613e2ccf0]
	(No symbol) [0x0x7ff613e54f8b]
	(No symbol) [0x0x7ff613e2c8b3]
	(No symbol) [0x0x7ff613df5272]
	(No symbol) [0x0x7ff613df6043]
	GetHandleVerifier [0x0x7ff6142eb9cd+2946349]
	GetHandleVerifier [0x0x7ff6142e5c4a+2922410]
	GetHandleVerifier [0x0x7ff6143059d7+3052855]
	GetHandleVerifier [0x0x7ff61404aa7e+189918]
	GetHandleVerifier [0x0x7ff614052a1f+222591]
	GetHandleVerifier [0x0x7ff614038ab4+116244]
	GetHandleVerifier [0x0x7ff614038c69+116681]
	GetHandleVerifier [0x0x7ff61401f048+11176]
	BaseThreadInitThunk [0x0x7ffca227e8d7+23]
	RtlUserThreadStart [0x0x7ffca2bc8d9c+44]

2025-09-16 22:31:57,756 - ERROR - 处理日期元素时出错: Message: stale element reference: stale element not found
  (Session info: chrome=140.0.7339.128); For documentation on this error, please visit: https://www.selenium.dev/documentation/webdriver/troubleshooting/errors#staleelementreferenceexception
Stacktrace:
	GetHandleVerifier [0x0x7ff61402fc95+79861]
	GetHandleVerifier [0x0x7ff61402fcf0+79952]
	(No symbol) [0x0x7ff613dacada]
	(No symbol) [0x0x7ff613dc3295]
	(No symbol) [0x0x7ff613dc1d83]
	(No symbol) [0x0x7ff613db5377]
	(No symbol) [0x0x7ff613db3230]
	(No symbol) [0x0x7ff613db770f]
	(No symbol) [0x0x7ff613db77cf]
	(No symbol) [0x0x7ff613dfde36]
	(No symbol) [0x0x7ff613e2cada]
	(No symbol) [0x0x7ff613df6bc6]
	(No symbol) [0x0x7ff613e2ccf0]
	(No symbol) [0x0x7ff613e54f8b]
	(No symbol) [0x0x7ff613e2c8b3]
	(No symbol) [0x0x7ff613df5272]
	(No symbol) [0x0x7ff613df6043]
	GetHandleVerifier [0x0x7ff6142eb9cd+2946349]
	GetHandleVerifier [0x0x7ff6142e5c4a+2922410]
	GetHandleVerifier [0x0x7ff6143059d7+3052855]
	GetHandleVerifier [0x0x7ff61404aa7e+189918]
	GetHandleVerifier [0x0x7ff614052a1f+222591]
	GetHandleVerifier [0x0x7ff614038ab4+116244]
	GetHandleVerifier [0x0x7ff614038c69+116681]
	GetHandleVerifier [0x0x7ff61401f048+11176]
	BaseThreadInitThunk [0x0x7ffca227e8d7+23]
	RtlUserThreadStart [0x0x7ffca2bc8d9c+44]

2025-09-16 22:31:57,759 - ERROR - 处理日期元素时出错: Message: stale element reference: stale element not found
  (Session info: chrome=140.0.7339.128); For documentation on this error, please visit: https://www.selenium.dev/documentation/webdriver/troubleshooting/errors#staleelementreferenceexception
Stacktrace:
	GetHandleVerifier [0x0x7ff61402fc95+79861]
	GetHandleVerifier [0x0x7ff61402fcf0+79952]
	(No symbol) [0x0x7ff613dacada]
	(No symbol) [0x0x7ff613dc3295]
	(No symbol) [0x0x7ff613dc1d83]
	(No symbol) [0x0x7ff613db5377]
	(No symbol) [0x0x7ff613db3230]
	(No symbol) [0x0x7ff613db770f]
	(No symbol) [0x0x7ff613db77cf]
	(No symbol) [0x0x7ff613dfde36]
	(No symbol) [0x0x7ff613e2cada]
	(No symbol) [0x0x7ff613df6bc6]
	(No symbol) [0x0x7ff613e2ccf0]
	(No symbol) [0x0x7ff613e54f8b]
	(No symbol) [0x0x7ff613e2c8b3]
	(No symbol) [0x0x7ff613df5272]
	(No symbol) [0x0x7ff613df6043]
	GetHandleVerifier [0x0x7ff6142eb9cd+2946349]
	GetHandleVerifier [0x0x7ff6142e5c4a+2922410]
	GetHandleVerifier [0x0x7ff6143059d7+3052855]
	GetHandleVerifier [0x0x7ff61404aa7e+189918]
	GetHandleVerifier [0x0x7ff614052a1f+222591]
	GetHandleVerifier [0x0x7ff614038ab4+116244]
	GetHandleVerifier [0x0x7ff614038c69+116681]
	GetHandleVerifier [0x0x7ff61401f048+11176]
	BaseThreadInitThunk [0x0x7ffca227e8d7+23]
	RtlUserThreadStart [0x0x7ffca2bc8d9c+44]

2025-09-16 22:31:57,761 - ERROR - 处理日期元素时出错: Message: stale element reference: stale element not found
  (Session info: chrome=140.0.7339.128); For documentation on this error, please visit: https://www.selenium.dev/documentation/webdriver/troubleshooting/errors#staleelementreferenceexception
Stacktrace:
	GetHandleVerifier [0x0x7ff61402fc95+79861]
	GetHandleVerifier [0x0x7ff61402fcf0+79952]
	(No symbol) [0x0x7ff613dacada]
	(No symbol) [0x0x7ff613dc3295]
	(No symbol) [0x0x7ff613dc1d83]
	(No symbol) [0x0x7ff613db5377]
	(No symbol) [0x0x7ff613db3230]
	(No symbol) [0x0x7ff613db770f]
	(No symbol) [0x0x7ff613db77cf]
	(No symbol) [0x0x7ff613dfde36]
	(No symbol) [0x0x7ff613e2cada]
	(No symbol) [0x0x7ff613df6bc6]
	(No symbol) [0x0x7ff613e2ccf0]
	(No symbol) [0x0x7ff613e54f8b]
	(No symbol) [0x0x7ff613e2c8b3]
	(No symbol) [0x0x7ff613df5272]
	(No symbol) [0x0x7ff613df6043]
	GetHandleVerifier [0x0x7ff6142eb9cd+2946349]
	GetHandleVerifier [0x0x7ff6142e5c4a+2922410]
	GetHandleVerifier [0x0x7ff6143059d7+3052855]
	GetHandleVerifier [0x0x7ff61404aa7e+189918]
	GetHandleVerifier [0x0x7ff614052a1f+222591]
	GetHandleVerifier [0x0x7ff614038ab4+116244]
	GetHandleVerifier [0x0x7ff614038c69+116681]
	GetHandleVerifier [0x0x7ff61401f048+11176]
	BaseThreadInitThunk [0x0x7ffca227e8d7+23]
	RtlUserThreadStart [0x0x7ffca2bc8d9c+44]

2025-09-16 22:31:57,764 - ERROR - 处理日期元素时出错: Message: stale element reference: stale element not found
  (Session info: chrome=140.0.7339.128); For documentation on this error, please visit: https://www.selenium.dev/documentation/webdriver/troubleshooting/errors#staleelementreferenceexception
Stacktrace:
	GetHandleVerifier [0x0x7ff61402fc95+79861]
	GetHandleVerifier [0x0x7ff61402fcf0+79952]
	(No symbol) [0x0x7ff613dacada]
	(No symbol) [0x0x7ff613dc3295]
	(No symbol) [0x0x7ff613dc1d83]
	(No symbol) [0x0x7ff613db5377]
	(No symbol) [0x0x7ff613db3230]
	(No symbol) [0x0x7ff613db770f]
	(No symbol) [0x0x7ff613db77cf]
	(No symbol) [0x0x7ff613dfde36]
	(No symbol) [0x0x7ff613e2cada]
	(No symbol) [0x0x7ff613df6bc6]
	(No symbol) [0x0x7ff613e2ccf0]
	(No symbol) [0x0x7ff613e54f8b]
	(No symbol) [0x0x7ff613e2c8b3]
	(No symbol) [0x0x7ff613df5272]
	(No symbol) [0x0x7ff613df6043]
	GetHandleVerifier [0x0x7ff6142eb9cd+2946349]
	GetHandleVerifier [0x0x7ff6142e5c4a+2922410]
	GetHandleVerifier [0x0x7ff6143059d7+3052855]
	GetHandleVerifier [0x0x7ff61404aa7e+189918]
	GetHandleVerifier [0x0x7ff614052a1f+222591]
	GetHandleVerifier [0x0x7ff614038ab4+116244]
	GetHandleVerifier [0x0x7ff614038c69+116681]
	GetHandleVerifier [0x0x7ff61401f048+11176]
	BaseThreadInitThunk [0x0x7ffca227e8d7+23]
	RtlUserThreadStart [0x0x7ffca2bc8d9c+44]

2025-09-16 22:31:57,766 - ERROR - 处理日期元素时出错: Message: stale element reference: stale element not found
  (Session info: chrome=140.0.7339.128); For documentation on this error, please visit: https://www.selenium.dev/documentation/webdriver/troubleshooting/errors#staleelementreferenceexception
Stacktrace:
	GetHandleVerifier [0x0x7ff61402fc95+79861]
	GetHandleVerifier [0x0x7ff61402fcf0+79952]
	(No symbol) [0x0x7ff613dacada]
	(No symbol) [0x0x7ff613dc3295]
	(No symbol) [0x0x7ff613dc1d83]
	(No symbol) [0x0x7ff613db5377]
	(No symbol) [0x0x7ff613db3230]
	(No symbol) [0x0x7ff613db770f]
	(No symbol) [0x0x7ff613db77cf]
	(No symbol) [0x0x7ff613dfde36]
	(No symbol) [0x0x7ff613e2cada]
	(No symbol) [0x0x7ff613df6bc6]
	(No symbol) [0x0x7ff613e2ccf0]
	(No symbol) [0x0x7ff613e54f8b]
	(No symbol) [0x0x7ff613e2c8b3]
	(No symbol) [0x0x7ff613df5272]
	(No symbol) [0x0x7ff613df6043]
	GetHandleVerifier [0x0x7ff6142eb9cd+2946349]
	GetHandleVerifier [0x0x7ff6142e5c4a+2922410]
	GetHandleVerifier [0x0x7ff6143059d7+3052855]
	GetHandleVerifier [0x0x7ff61404aa7e+189918]
	GetHandleVerifier [0x0x7ff614052a1f+222591]
	GetHandleVerifier [0x0x7ff614038ab4+116244]
	GetHandleVerifier [0x0x7ff614038c69+116681]
	GetHandleVerifier [0x0x7ff61401f048+11176]
	BaseThreadInitThunk [0x0x7ffca227e8d7+23]
	RtlUserThreadStart [0x0x7ffca2bc8d9c+44]

2025-09-16 22:31:57,768 - ERROR - 处理日期元素时出错: Message: stale element reference: stale element not found
  (Session info: chrome=140.0.7339.128); For documentation on this error, please visit: https://www.selenium.dev/documentation/webdriver/troubleshooting/errors#staleelementreferenceexception
Stacktrace:
	GetHandleVerifier [0x0x7ff61402fc95+79861]
	GetHandleVerifier [0x0x7ff61402fcf0+79952]
	(No symbol) [0x0x7ff613dacada]
	(No symbol) [0x0x7ff613dc3295]
	(No symbol) [0x0x7ff613dc1d83]
	(No symbol) [0x0x7ff613db5377]
	(No symbol) [0x0x7ff613db3230]
	(No symbol) [0x0x7ff613db770f]
	(No symbol) [0x0x7ff613db77cf]
	(No symbol) [0x0x7ff613dfde36]
	(No symbol) [0x0x7ff613e2cada]
	(No symbol) [0x0x7ff613df6bc6]
	(No symbol) [0x0x7ff613e2ccf0]
	(No symbol) [0x0x7ff613e54f8b]
	(No symbol) [0x0x7ff613e2c8b3]
	(No symbol) [0x0x7ff613df5272]
	(No symbol) [0x0x7ff613df6043]
	GetHandleVerifier [0x0x7ff6142eb9cd+2946349]
	GetHandleVerifier [0x0x7ff6142e5c4a+2922410]
	GetHandleVerifier [0x0x7ff6143059d7+3052855]
	GetHandleVerifier [0x0x7ff61404aa7e+189918]
	GetHandleVerifier [0x0x7ff614052a1f+222591]
	GetHandleVerifier [0x0x7ff614038ab4+116244]
	GetHandleVerifier [0x0x7ff614038c69+116681]
	GetHandleVerifier [0x0x7ff61401f048+11176]
	BaseThreadInitThunk [0x0x7ffca227e8d7+23]
	RtlUserThreadStart [0x0x7ffca2bc8d9c+44]

2025-09-16 22:31:57,770 - ERROR - 处理日期元素时出错: Message: stale element reference: stale element not found
  (Session info: chrome=140.0.7339.128); For documentation on this error, please visit: https://www.selenium.dev/documentation/webdriver/troubleshooting/errors#staleelementreferenceexception
Stacktrace:
	GetHandleVerifier [0x0x7ff61402fc95+79861]
	GetHandleVerifier [0x0x7ff61402fcf0+79952]
	(No symbol) [0x0x7ff613dacada]
	(No symbol) [0x0x7ff613dc3295]
	(No symbol) [0x0x7ff613dc1d83]
	(No symbol) [0x0x7ff613db5377]
	(No symbol) [0x0x7ff613db3230]
	(No symbol) [0x0x7ff613db770f]
	(No symbol) [0x0x7ff613db77cf]
	(No symbol) [0x0x7ff613dfde36]
	(No symbol) [0x0x7ff613e2cada]
	(No symbol) [0x0x7ff613df6bc6]
	(No symbol) [0x0x7ff613e2ccf0]
	(No symbol) [0x0x7ff613e54f8b]
	(No symbol) [0x0x7ff613e2c8b3]
	(No symbol) [0x0x7ff613df5272]
	(No symbol) [0x0x7ff613df6043]
	GetHandleVerifier [0x0x7ff6142eb9cd+2946349]
	GetHandleVerifier [0x0x7ff6142e5c4a+2922410]
	GetHandleVerifier [0x0x7ff6143059d7+3052855]
	GetHandleVerifier [0x0x7ff61404aa7e+189918]
	GetHandleVerifier [0x0x7ff614052a1f+222591]
	GetHandleVerifier [0x0x7ff614038ab4+116244]
	GetHandleVerifier [0x0x7ff614038c69+116681]
	GetHandleVerifier [0x0x7ff61401f048+11176]
	BaseThreadInitThunk [0x0x7ffca227e8d7+23]
	RtlUserThreadStart [0x0x7ffca2bc8d9c+44]

2025-09-16 22:31:57,772 - ERROR - 处理日期元素时出错: Message: stale element reference: stale element not found
  (Session info: chrome=140.0.7339.128); For documentation on this error, please visit: https://www.selenium.dev/documentation/webdriver/troubleshooting/errors#staleelementreferenceexception
Stacktrace:
	GetHandleVerifier [0x0x7ff61402fc95+79861]
	GetHandleVerifier [0x0x7ff61402fcf0+79952]
	(No symbol) [0x0x7ff613dacada]
	(No symbol) [0x0x7ff613dc3295]
	(No symbol) [0x0x7ff613dc1d83]
	(No symbol) [0x0x7ff613db5377]
	(No symbol) [0x0x7ff613db3230]
	(No symbol) [0x0x7ff613db770f]
	(No symbol) [0x0x7ff613db77cf]
	(No symbol) [0x0x7ff613dfde36]
	(No symbol) [0x0x7ff613e2cada]
	(No symbol) [0x0x7ff613df6bc6]
	(No symbol) [0x0x7ff613e2ccf0]
	(No symbol) [0x0x7ff613e54f8b]
	(No symbol) [0x0x7ff613e2c8b3]
	(No symbol) [0x0x7ff613df5272]
	(No symbol) [0x0x7ff613df6043]
	GetHandleVerifier [0x0x7ff6142eb9cd+2946349]
	GetHandleVerifier [0x0x7ff6142e5c4a+2922410]
	GetHandleVerifier [0x0x7ff6143059d7+3052855]
	GetHandleVerifier [0x0x7ff61404aa7e+189918]
	GetHandleVerifier [0x0x7ff614052a1f+222591]
	GetHandleVerifier [0x0x7ff614038ab4+116244]
	GetHandleVerifier [0x0x7ff614038c69+116681]
	GetHandleVerifier [0x0x7ff61401f048+11176]
	BaseThreadInitThunk [0x0x7ffca227e8d7+23]
	RtlUserThreadStart [0x0x7ffca2bc8d9c+44]

2025-09-16 22:31:57,775 - ERROR - 处理日期元素时出错: Message: stale element reference: stale element not found
  (Session info: chrome=140.0.7339.128); For documentation on this error, please visit: https://www.selenium.dev/documentation/webdriver/troubleshooting/errors#staleelementreferenceexception
Stacktrace:
	GetHandleVerifier [0x0x7ff61402fc95+79861]
	GetHandleVerifier [0x0x7ff61402fcf0+79952]
	(No symbol) [0x0x7ff613dacada]
	(No symbol) [0x0x7ff613dc3295]
	(No symbol) [0x0x7ff613dc1d83]
	(No symbol) [0x0x7ff613db5377]
	(No symbol) [0x0x7ff613db3230]
	(No symbol) [0x0x7ff613db770f]
	(No symbol) [0x0x7ff613db77cf]
	(No symbol) [0x0x7ff613dfde36]
	(No symbol) [0x0x7ff613e2cada]
	(No symbol) [0x0x7ff613df6bc6]
	(No symbol) [0x0x7ff613e2ccf0]
	(No symbol) [0x0x7ff613e54f8b]
	(No symbol) [0x0x7ff613e2c8b3]
	(No symbol) [0x0x7ff613df5272]
	(No symbol) [0x0x7ff613df6043]
	GetHandleVerifier [0x0x7ff6142eb9cd+2946349]
	GetHandleVerifier [0x0x7ff6142e5c4a+2922410]
	GetHandleVerifier [0x0x7ff6143059d7+3052855]
	GetHandleVerifier [0x0x7ff61404aa7e+189918]
	GetHandleVerifier [0x0x7ff614052a1f+222591]
	GetHandleVerifier [0x0x7ff614038ab4+116244]
	GetHandleVerifier [0x0x7ff614038c69+116681]
	GetHandleVerifier [0x0x7ff61401f048+11176]
	BaseThreadInitThunk [0x0x7ffca227e8d7+23]
	RtlUserThreadStart [0x0x7ffca2bc8d9c+44]

2025-09-16 22:31:57,777 - ERROR - 处理日期元素时出错: Message: stale element reference: stale element not found
  (Session info: chrome=140.0.7339.128); For documentation on this error, please visit: https://www.selenium.dev/documentation/webdriver/troubleshooting/errors#staleelementreferenceexception
Stacktrace:
	GetHandleVerifier [0x0x7ff61402fc95+79861]
	GetHandleVerifier [0x0x7ff61402fcf0+79952]
	(No symbol) [0x0x7ff613dacada]
	(No symbol) [0x0x7ff613dc3295]
	(No symbol) [0x0x7ff613dc1d83]
	(No symbol) [0x0x7ff613db5377]
	(No symbol) [0x0x7ff613db3230]
	(No symbol) [0x0x7ff613db770f]
	(No symbol) [0x0x7ff613db77cf]
	(No symbol) [0x0x7ff613dfde36]
	(No symbol) [0x0x7ff613e2cada]
	(No symbol) [0x0x7ff613df6bc6]
	(No symbol) [0x0x7ff613e2ccf0]
	(No symbol) [0x0x7ff613e54f8b]
	(No symbol) [0x0x7ff613e2c8b3]
	(No symbol) [0x0x7ff613df5272]
	(No symbol) [0x0x7ff613df6043]
	GetHandleVerifier [0x0x7ff6142eb9cd+2946349]
	GetHandleVerifier [0x0x7ff6142e5c4a+2922410]
	GetHandleVerifier [0x0x7ff6143059d7+3052855]
	GetHandleVerifier [0x0x7ff61404aa7e+189918]
	GetHandleVerifier [0x0x7ff614052a1f+222591]
	GetHandleVerifier [0x0x7ff614038ab4+116244]
	GetHandleVerifier [0x0x7ff614038c69+116681]
	GetHandleVerifier [0x0x7ff61401f048+11176]
	BaseThreadInitThunk [0x0x7ffca227e8d7+23]
	RtlUserThreadStart [0x0x7ffca2bc8d9c+44]

2025-09-16 22:31:57,779 - ERROR - 处理日期元素时出错: Message: stale element reference: stale element not found
  (Session info: chrome=140.0.7339.128); For documentation on this error, please visit: https://www.selenium.dev/documentation/webdriver/troubleshooting/errors#staleelementreferenceexception
Stacktrace:
	GetHandleVerifier [0x0x7ff61402fc95+79861]
	GetHandleVerifier [0x0x7ff61402fcf0+79952]
	(No symbol) [0x0x7ff613dacada]
	(No symbol) [0x0x7ff613dc3295]
	(No symbol) [0x0x7ff613dc1d83]
	(No symbol) [0x0x7ff613db5377]
	(No symbol) [0x0x7ff613db3230]
	(No symbol) [0x0x7ff613db770f]
	(No symbol) [0x0x7ff613db77cf]
	(No symbol) [0x0x7ff613dfde36]
	(No symbol) [0x0x7ff613e2cada]
	(No symbol) [0x0x7ff613df6bc6]
	(No symbol) [0x0x7ff613e2ccf0]
	(No symbol) [0x0x7ff613e54f8b]
	(No symbol) [0x0x7ff613e2c8b3]
	(No symbol) [0x0x7ff613df5272]
	(No symbol) [0x0x7ff613df6043]
	GetHandleVerifier [0x0x7ff6142eb9cd+2946349]
	GetHandleVerifier [0x0x7ff6142e5c4a+2922410]
	GetHandleVerifier [0x0x7ff6143059d7+3052855]
	GetHandleVerifier [0x0x7ff61404aa7e+189918]
	GetHandleVerifier [0x0x7ff614052a1f+222591]
	GetHandleVerifier [0x0x7ff614038ab4+116244]
	GetHandleVerifier [0x0x7ff614038c69+116681]
	GetHandleVerifier [0x0x7ff61401f048+11176]
	BaseThreadInitThunk [0x0x7ffca227e8d7+23]
	RtlUserThreadStart [0x0x7ffca2bc8d9c+44]

2025-09-16 22:31:59,914 - INFO - 共获取到 1 个日期
2025-09-16 22:31:59,915 - INFO - 
处理进度: 1/1
2025-09-16 22:31:59,915 - INFO - 开始处理日期 20250916
2025-09-16 22:31:59,915 - INFO - 处理版面 A01
2025-09-16 22:32:11,355 - INFO - 版面 A01 无内容或加载超时
2025-09-16 22:32:14,427 - INFO - 处理版面 A02
2025-09-16 22:32:25,782 - INFO - 版面 A02 无内容或加载超时
2025-09-16 22:32:28,875 - INFO - 处理版面 A03
2025-09-16 22:32:40,261 - INFO - 版面 A03 无内容或加载超时
2025-09-16 22:32:43,332 - INFO - 处理版面 A04
2025-09-16 22:32:55,118 - INFO - 版面 A04 无内容或加载超时
2025-09-16 22:32:58,288 - INFO - 处理版面 A05
2025-09-16 22:33:16,278 - INFO - 版面 A05 无内容或加载超时
2025-09-16 22:33:19,389 - INFO - 处理版面 A06
2025-09-16 22:33:30,818 - INFO - 版面 A06 无内容或加载超时
2025-09-16 22:33:33,925 - INFO - 处理版面 A07
2025-09-16 22:33:45,294 - INFO - 版面 A07 无内容或加载超时
2025-09-16 22:33:48,373 - INFO - 处理版面 A08
2025-09-16 22:33:59,777 - INFO - 版面 A08 无内容或加载超时
2025-09-16 22:34:02,861 - INFO - 处理版面 A09
2025-09-16 22:34:16,036 - INFO - 版面 A09 无内容或加载超时
2025-09-16 22:34:21,295 - INFO - 处理版面 A10
2025-09-16 22:34:32,743 - INFO - 版面 A10 无内容或加载超时
2025-09-16 22:34:35,853 - INFO - 处理版面 A11
2025-09-16 22:34:47,303 - INFO - 版面 A11 无内容或加载超时
2025-09-16 22:34:50,376 - INFO - 处理版面 A12
2025-09-16 22:35:02,832 - INFO - 版面 A12 无内容或加载超时
2025-09-16 22:35:07,044 - INFO - 处理版面 A13
2025-09-16 22:35:18,616 - INFO - 版面 A13 无内容或加载超时
2025-09-16 22:35:21,733 - INFO - 处理版面 A14
2025-09-16 22:35:33,311 - INFO - 版面 A14 无内容或加载超时
2025-09-16 22:35:36,422 - INFO - 处理版面 A15
2025-09-16 22:35:47,852 - INFO - 版面 A15 无内容或加载超时
2025-09-16 22:35:50,924 - INFO - 处理版面 A16
2025-09-16 22:36:02,368 - INFO - 版面 A16 无内容或加载超时
2025-09-16 22:36:06,096 - INFO - 日期 20250916 处理完成，共保存 0 篇文章
2025-09-16 22:36:08,098 - INFO - 进度已保存
2025-09-16 22:36:08,098 - INFO - ==================================================
2025-09-16 22:36:08,098 - INFO - 爬虫运行结束
2025-09-16 22:36:08,099 - INFO - 共处理 1 个日期
2025-09-16 22:36:08,099 - INFO - ==================================================
