2025-09-16 13:00:38,841 - INFO - ==================================================
2025-09-16 13:00:38,841 - INFO - 新京报爬虫启动
2025-09-16 13:00:38,841 - INFO - 输出目录: D:\CENTER\Data\2025\报纸\报纸源文本\新京
2025-09-16 13:00:38,841 - INFO - ==================================================
2025-09-16 13:00:38,841 - INFO - 开始收集日期URL...
2025-09-16 13:00:41,319 - INFO - 正在访问主页: http://epaper.bjnews.com.cn/
2025-09-16 13:00:45,910 - INFO - 找到有效链接: https://epaper.bjnews.com.cn/html/2025/20250901/20250901_A01/20250901_A01_3930.html
2025-09-16 13:00:49,729 - INFO - 找到有效链接: https://epaper.bjnews.com.cn/html/2025/20250902/20250902_A01/20250902_A01_4509.html
2025-09-16 13:00:53,131 - INFO - 找到有效链接: https://epaper.bjnews.com.cn/html/2025/20250903/20250903_A01/20250903_A01_672.html
2025-09-16 13:00:57,055 - INFO - 找到有效链接: https://epaper.bjnews.com.cn/html/2025/20250904/20250904_A01/20250904_A01_9226.html
2025-09-16 13:01:00,971 - INFO - 找到有效链接: https://epaper.bjnews.com.cn/html/2025/20250905/20250905_A01/20250905_A01_8595.html
2025-09-16 13:01:04,811 - INFO - 找到有效链接: https://epaper.bjnews.com.cn/html/2025/20250908/20250908_A01/20250908_A01_5035.html
2025-09-16 13:01:08,435 - INFO - 找到有效链接: https://epaper.bjnews.com.cn/html/2025/20250909/20250909_A01/20250909_A01_6431.html
2025-09-16 13:01:12,007 - INFO - 找到有效链接: https://epaper.bjnews.com.cn/html/2025/20250910/20250910_A01/20250910_A01_1765.html
2025-09-16 13:01:15,613 - INFO - 找到有效链接: https://epaper.bjnews.com.cn/html/2025/20250911/20250911_A01/20250911_A01_2085.html
2025-09-16 13:01:19,438 - INFO - 找到有效链接: https://epaper.bjnews.com.cn/html/2025/20250912/20250912_A01/20250912_A01_7210.html
2025-09-16 13:01:23,251 - INFO - 找到有效链接: https://epaper.bjnews.com.cn/html/2025/20250915/20250915_A01/20250915_A01_7533.html
2025-09-16 13:01:26,579 - INFO - 找到有效链接: https://epaper.bjnews.com.cn/html/2025/20250916/20250916_A01/20250916_A01_269.html
2025-09-16 13:01:27,609 - WARNING - 处理日期元素时出错: Message: stale element reference: stale element not found
  (Session info: chrome=140.0.7339.128); For documentation on this error, please visit: https://www.selenium.dev/documentation/webdriver/troubleshooting/errors#staleelementreferenceexception
Stacktrace:
	GetHandleVerifier [0x0x7ff71d81fc95+79861]
	GetHandleVerifier [0x0x7ff71d81fcf0+79952]
	(No symbol) [0x0x7ff71d59cada]
	(No symbol) [0x0x7ff71d5b3295]
	(No symbol) [0x0x7ff71d5b1d83]
	(No symbol) [0x0x7ff71d5a5377]
	(No symbol) [0x0x7ff71d5a3230]
	(No symbol) [0x0x7ff71d5a770f]
	(No symbol) [0x0x7ff71d5a77cf]
	(No symbol) [0x0x7ff71d5f3d07]
	(No symbol) [0x0x7ff71d5f471c]
	(No symbol) [0x0x7ff71d5e6d0c]
	(No symbol) [0x0x7ff71d61cb1f]
	(No symbol) [0x0x7ff71d5e6bc6]
	(No symbol) [0x0x7ff71d61ccf0]
	(No symbol) [0x0x7ff71d644f8b]
	(No symbol) [0x0x7ff71d61c8b3]
	(No symbol) [0x0x7ff71d5e5272]
	(No symbol) [0x0x7ff71d5e6043]
	GetHandleVerifier [0x0x7ff71dadb9cd+2946349]
	GetHandleVerifier [0x0x7ff71dad5c4a+2922410]
	GetHandleVerifier [0x0x7ff71daf59d7+3052855]
	GetHandleVerifier [0x0x7ff71d83aa7e+189918]
	GetHandleVerifier [0x0x7ff71d842a1f+222591]
	GetHandleVerifier [0x0x7ff71d828ab4+116244]
	GetHandleVerifier [0x0x7ff71d828c69+116681]
	GetHandleVerifier [0x0x7ff71d80f048+11176]
	BaseThreadInitThunk [0x0x7ffca227e8d7+23]
	RtlUserThreadStart [0x0x7ffca2bc8d9c+44]

2025-09-16 13:01:27,612 - WARNING - 处理日期元素时出错: Message: stale element reference: stale element not found
  (Session info: chrome=140.0.7339.128); For documentation on this error, please visit: https://www.selenium.dev/documentation/webdriver/troubleshooting/errors#staleelementreferenceexception
Stacktrace:
	GetHandleVerifier [0x0x7ff71d81fc95+79861]
	GetHandleVerifier [0x0x7ff71d81fcf0+79952]
	(No symbol) [0x0x7ff71d59cada]
	(No symbol) [0x0x7ff71d5b3295]
	(No symbol) [0x0x7ff71d5b1d83]
	(No symbol) [0x0x7ff71d5a5377]
	(No symbol) [0x0x7ff71d5a3230]
	(No symbol) [0x0x7ff71d5a770f]
	(No symbol) [0x0x7ff71d5a77cf]
	(No symbol) [0x0x7ff71d5f3d07]
	(No symbol) [0x0x7ff71d5f471c]
	(No symbol) [0x0x7ff71d5e6d0c]
	(No symbol) [0x0x7ff71d61cb1f]
	(No symbol) [0x0x7ff71d5e6bc6]
	(No symbol) [0x0x7ff71d61ccf0]
	(No symbol) [0x0x7ff71d644f8b]
	(No symbol) [0x0x7ff71d61c8b3]
	(No symbol) [0x0x7ff71d5e5272]
	(No symbol) [0x0x7ff71d5e6043]
	GetHandleVerifier [0x0x7ff71dadb9cd+2946349]
	GetHandleVerifier [0x0x7ff71dad5c4a+2922410]
	GetHandleVerifier [0x0x7ff71daf59d7+3052855]
	GetHandleVerifier [0x0x7ff71d83aa7e+189918]
	GetHandleVerifier [0x0x7ff71d842a1f+222591]
	GetHandleVerifier [0x0x7ff71d828ab4+116244]
	GetHandleVerifier [0x0x7ff71d828c69+116681]
	GetHandleVerifier [0x0x7ff71d80f048+11176]
	BaseThreadInitThunk [0x0x7ffca227e8d7+23]
	RtlUserThreadStart [0x0x7ffca2bc8d9c+44]

2025-09-16 13:01:27,613 - WARNING - 处理日期元素时出错: Message: stale element reference: stale element not found
  (Session info: chrome=140.0.7339.128); For documentation on this error, please visit: https://www.selenium.dev/documentation/webdriver/troubleshooting/errors#staleelementreferenceexception
Stacktrace:
	GetHandleVerifier [0x0x7ff71d81fc95+79861]
	GetHandleVerifier [0x0x7ff71d81fcf0+79952]
	(No symbol) [0x0x7ff71d59cada]
	(No symbol) [0x0x7ff71d5b3295]
	(No symbol) [0x0x7ff71d5b1d83]
	(No symbol) [0x0x7ff71d5a5377]
	(No symbol) [0x0x7ff71d5a3230]
	(No symbol) [0x0x7ff71d5a770f]
	(No symbol) [0x0x7ff71d5a77cf]
	(No symbol) [0x0x7ff71d5f3d07]
	(No symbol) [0x0x7ff71d5f471c]
	(No symbol) [0x0x7ff71d5e6d0c]
	(No symbol) [0x0x7ff71d61cb1f]
	(No symbol) [0x0x7ff71d5e6bc6]
	(No symbol) [0x0x7ff71d61ccf0]
	(No symbol) [0x0x7ff71d644f8b]
	(No symbol) [0x0x7ff71d61c8b3]
	(No symbol) [0x0x7ff71d5e5272]
	(No symbol) [0x0x7ff71d5e6043]
	GetHandleVerifier [0x0x7ff71dadb9cd+2946349]
	GetHandleVerifier [0x0x7ff71dad5c4a+2922410]
	GetHandleVerifier [0x0x7ff71daf59d7+3052855]
	GetHandleVerifier [0x0x7ff71d83aa7e+189918]
	GetHandleVerifier [0x0x7ff71d842a1f+222591]
	GetHandleVerifier [0x0x7ff71d828ab4+116244]
	GetHandleVerifier [0x0x7ff71d828c69+116681]
	GetHandleVerifier [0x0x7ff71d80f048+11176]
	BaseThreadInitThunk [0x0x7ffca227e8d7+23]
	RtlUserThreadStart [0x0x7ffca2bc8d9c+44]

2025-09-16 13:01:27,614 - WARNING - 处理日期元素时出错: Message: stale element reference: stale element not found
  (Session info: chrome=140.0.7339.128); For documentation on this error, please visit: https://www.selenium.dev/documentation/webdriver/troubleshooting/errors#staleelementreferenceexception
Stacktrace:
	GetHandleVerifier [0x0x7ff71d81fc95+79861]
	GetHandleVerifier [0x0x7ff71d81fcf0+79952]
	(No symbol) [0x0x7ff71d59cada]
	(No symbol) [0x0x7ff71d5b3295]
	(No symbol) [0x0x7ff71d5b1d83]
	(No symbol) [0x0x7ff71d5a5377]
	(No symbol) [0x0x7ff71d5a3230]
	(No symbol) [0x0x7ff71d5a770f]
	(No symbol) [0x0x7ff71d5a77cf]
	(No symbol) [0x0x7ff71d5f3d07]
	(No symbol) [0x0x7ff71d5f471c]
	(No symbol) [0x0x7ff71d5e6d0c]
	(No symbol) [0x0x7ff71d61cb1f]
	(No symbol) [0x0x7ff71d5e6bc6]
	(No symbol) [0x0x7ff71d61ccf0]
	(No symbol) [0x0x7ff71d644f8b]
	(No symbol) [0x0x7ff71d61c8b3]
	(No symbol) [0x0x7ff71d5e5272]
	(No symbol) [0x0x7ff71d5e6043]
	GetHandleVerifier [0x0x7ff71dadb9cd+2946349]
	GetHandleVerifier [0x0x7ff71dad5c4a+2922410]
	GetHandleVerifier [0x0x7ff71daf59d7+3052855]
	GetHandleVerifier [0x0x7ff71d83aa7e+189918]
	GetHandleVerifier [0x0x7ff71d842a1f+222591]
	GetHandleVerifier [0x0x7ff71d828ab4+116244]
	GetHandleVerifier [0x0x7ff71d828c69+116681]
	GetHandleVerifier [0x0x7ff71d80f048+11176]
	BaseThreadInitThunk [0x0x7ffca227e8d7+23]
	RtlUserThreadStart [0x0x7ffca2bc8d9c+44]

2025-09-16 13:01:27,616 - WARNING - 处理日期元素时出错: Message: stale element reference: stale element not found
  (Session info: chrome=140.0.7339.128); For documentation on this error, please visit: https://www.selenium.dev/documentation/webdriver/troubleshooting/errors#staleelementreferenceexception
Stacktrace:
	GetHandleVerifier [0x0x7ff71d81fc95+79861]
	GetHandleVerifier [0x0x7ff71d81fcf0+79952]
	(No symbol) [0x0x7ff71d59cada]
	(No symbol) [0x0x7ff71d5b3295]
	(No symbol) [0x0x7ff71d5b1d83]
	(No symbol) [0x0x7ff71d5a5377]
	(No symbol) [0x0x7ff71d5a3230]
	(No symbol) [0x0x7ff71d5a770f]
	(No symbol) [0x0x7ff71d5a77cf]
	(No symbol) [0x0x7ff71d5f3d07]
	(No symbol) [0x0x7ff71d5f471c]
	(No symbol) [0x0x7ff71d5e6d0c]
	(No symbol) [0x0x7ff71d61cb1f]
	(No symbol) [0x0x7ff71d5e6bc6]
	(No symbol) [0x0x7ff71d61ccf0]
	(No symbol) [0x0x7ff71d644f8b]
	(No symbol) [0x0x7ff71d61c8b3]
	(No symbol) [0x0x7ff71d5e5272]
	(No symbol) [0x0x7ff71d5e6043]
	GetHandleVerifier [0x0x7ff71dadb9cd+2946349]
	GetHandleVerifier [0x0x7ff71dad5c4a+2922410]
	GetHandleVerifier [0x0x7ff71daf59d7+3052855]
	GetHandleVerifier [0x0x7ff71d83aa7e+189918]
	GetHandleVerifier [0x0x7ff71d842a1f+222591]
	GetHandleVerifier [0x0x7ff71d828ab4+116244]
	GetHandleVerifier [0x0x7ff71d828c69+116681]
	GetHandleVerifier [0x0x7ff71d80f048+11176]
	BaseThreadInitThunk [0x0x7ffca227e8d7+23]
	RtlUserThreadStart [0x0x7ffca2bc8d9c+44]

2025-09-16 13:01:27,617 - WARNING - 处理日期元素时出错: Message: stale element reference: stale element not found
  (Session info: chrome=140.0.7339.128); For documentation on this error, please visit: https://www.selenium.dev/documentation/webdriver/troubleshooting/errors#staleelementreferenceexception
Stacktrace:
	GetHandleVerifier [0x0x7ff71d81fc95+79861]
	GetHandleVerifier [0x0x7ff71d81fcf0+79952]
	(No symbol) [0x0x7ff71d59cada]
	(No symbol) [0x0x7ff71d5b3295]
	(No symbol) [0x0x7ff71d5b1d83]
	(No symbol) [0x0x7ff71d5a5377]
	(No symbol) [0x0x7ff71d5a3230]
	(No symbol) [0x0x7ff71d5a770f]
	(No symbol) [0x0x7ff71d5a77cf]
	(No symbol) [0x0x7ff71d5f3d07]
	(No symbol) [0x0x7ff71d5f471c]
	(No symbol) [0x0x7ff71d5e6d0c]
	(No symbol) [0x0x7ff71d61cb1f]
	(No symbol) [0x0x7ff71d5e6bc6]
	(No symbol) [0x0x7ff71d61ccf0]
	(No symbol) [0x0x7ff71d644f8b]
	(No symbol) [0x0x7ff71d61c8b3]
	(No symbol) [0x0x7ff71d5e5272]
	(No symbol) [0x0x7ff71d5e6043]
	GetHandleVerifier [0x0x7ff71dadb9cd+2946349]
	GetHandleVerifier [0x0x7ff71dad5c4a+2922410]
	GetHandleVerifier [0x0x7ff71daf59d7+3052855]
	GetHandleVerifier [0x0x7ff71d83aa7e+189918]
	GetHandleVerifier [0x0x7ff71d842a1f+222591]
	GetHandleVerifier [0x0x7ff71d828ab4+116244]
	GetHandleVerifier [0x0x7ff71d828c69+116681]
	GetHandleVerifier [0x0x7ff71d80f048+11176]
	BaseThreadInitThunk [0x0x7ffca227e8d7+23]
	RtlUserThreadStart [0x0x7ffca2bc8d9c+44]

2025-09-16 13:01:27,618 - WARNING - 处理日期元素时出错: Message: stale element reference: stale element not found
  (Session info: chrome=140.0.7339.128); For documentation on this error, please visit: https://www.selenium.dev/documentation/webdriver/troubleshooting/errors#staleelementreferenceexception
Stacktrace:
	GetHandleVerifier [0x0x7ff71d81fc95+79861]
	GetHandleVerifier [0x0x7ff71d81fcf0+79952]
	(No symbol) [0x0x7ff71d59cada]
	(No symbol) [0x0x7ff71d5b3295]
	(No symbol) [0x0x7ff71d5b1d83]
	(No symbol) [0x0x7ff71d5a5377]
	(No symbol) [0x0x7ff71d5a3230]
	(No symbol) [0x0x7ff71d5a770f]
	(No symbol) [0x0x7ff71d5a77cf]
	(No symbol) [0x0x7ff71d5f3d07]
	(No symbol) [0x0x7ff71d5f471c]
	(No symbol) [0x0x7ff71d5e6d0c]
	(No symbol) [0x0x7ff71d61cb1f]
	(No symbol) [0x0x7ff71d5e6bc6]
	(No symbol) [0x0x7ff71d61ccf0]
	(No symbol) [0x0x7ff71d644f8b]
	(No symbol) [0x0x7ff71d61c8b3]
	(No symbol) [0x0x7ff71d5e5272]
	(No symbol) [0x0x7ff71d5e6043]
	GetHandleVerifier [0x0x7ff71dadb9cd+2946349]
	GetHandleVerifier [0x0x7ff71dad5c4a+2922410]
	GetHandleVerifier [0x0x7ff71daf59d7+3052855]
	GetHandleVerifier [0x0x7ff71d83aa7e+189918]
	GetHandleVerifier [0x0x7ff71d842a1f+222591]
	GetHandleVerifier [0x0x7ff71d828ab4+116244]
	GetHandleVerifier [0x0x7ff71d828c69+116681]
	GetHandleVerifier [0x0x7ff71d80f048+11176]
	BaseThreadInitThunk [0x0x7ffca227e8d7+23]
	RtlUserThreadStart [0x0x7ffca2bc8d9c+44]

2025-09-16 13:01:27,619 - WARNING - 处理日期元素时出错: Message: stale element reference: stale element not found
  (Session info: chrome=140.0.7339.128); For documentation on this error, please visit: https://www.selenium.dev/documentation/webdriver/troubleshooting/errors#staleelementreferenceexception
Stacktrace:
	GetHandleVerifier [0x0x7ff71d81fc95+79861]
	GetHandleVerifier [0x0x7ff71d81fcf0+79952]
	(No symbol) [0x0x7ff71d59cada]
	(No symbol) [0x0x7ff71d5b3295]
	(No symbol) [0x0x7ff71d5b1d83]
	(No symbol) [0x0x7ff71d5a5377]
	(No symbol) [0x0x7ff71d5a3230]
	(No symbol) [0x0x7ff71d5a770f]
	(No symbol) [0x0x7ff71d5a77cf]
	(No symbol) [0x0x7ff71d5f3d07]
	(No symbol) [0x0x7ff71d5f471c]
	(No symbol) [0x0x7ff71d5e6d0c]
	(No symbol) [0x0x7ff71d61cb1f]
	(No symbol) [0x0x7ff71d5e6bc6]
	(No symbol) [0x0x7ff71d61ccf0]
	(No symbol) [0x0x7ff71d644f8b]
	(No symbol) [0x0x7ff71d61c8b3]
	(No symbol) [0x0x7ff71d5e5272]
	(No symbol) [0x0x7ff71d5e6043]
	GetHandleVerifier [0x0x7ff71dadb9cd+2946349]
	GetHandleVerifier [0x0x7ff71dad5c4a+2922410]
	GetHandleVerifier [0x0x7ff71daf59d7+3052855]
	GetHandleVerifier [0x0x7ff71d83aa7e+189918]
	GetHandleVerifier [0x0x7ff71d842a1f+222591]
	GetHandleVerifier [0x0x7ff71d828ab4+116244]
	GetHandleVerifier [0x0x7ff71d828c69+116681]
	GetHandleVerifier [0x0x7ff71d80f048+11176]
	BaseThreadInitThunk [0x0x7ffca227e8d7+23]
	RtlUserThreadStart [0x0x7ffca2bc8d9c+44]

2025-09-16 13:01:27,620 - WARNING - 处理日期元素时出错: Message: stale element reference: stale element not found
  (Session info: chrome=140.0.7339.128); For documentation on this error, please visit: https://www.selenium.dev/documentation/webdriver/troubleshooting/errors#staleelementreferenceexception
Stacktrace:
	GetHandleVerifier [0x0x7ff71d81fc95+79861]
	GetHandleVerifier [0x0x7ff71d81fcf0+79952]
	(No symbol) [0x0x7ff71d59cada]
	(No symbol) [0x0x7ff71d5b3295]
	(No symbol) [0x0x7ff71d5b1d83]
	(No symbol) [0x0x7ff71d5a5377]
	(No symbol) [0x0x7ff71d5a3230]
	(No symbol) [0x0x7ff71d5a770f]
	(No symbol) [0x0x7ff71d5a77cf]
	(No symbol) [0x0x7ff71d5f3d07]
	(No symbol) [0x0x7ff71d5f471c]
	(No symbol) [0x0x7ff71d5e6d0c]
	(No symbol) [0x0x7ff71d61cb1f]
	(No symbol) [0x0x7ff71d5e6bc6]
	(No symbol) [0x0x7ff71d61ccf0]
	(No symbol) [0x0x7ff71d644f8b]
	(No symbol) [0x0x7ff71d61c8b3]
	(No symbol) [0x0x7ff71d5e5272]
	(No symbol) [0x0x7ff71d5e6043]
	GetHandleVerifier [0x0x7ff71dadb9cd+2946349]
	GetHandleVerifier [0x0x7ff71dad5c4a+2922410]
	GetHandleVerifier [0x0x7ff71daf59d7+3052855]
	GetHandleVerifier [0x0x7ff71d83aa7e+189918]
	GetHandleVerifier [0x0x7ff71d842a1f+222591]
	GetHandleVerifier [0x0x7ff71d828ab4+116244]
	GetHandleVerifier [0x0x7ff71d828c69+116681]
	GetHandleVerifier [0x0x7ff71d80f048+11176]
	BaseThreadInitThunk [0x0x7ffca227e8d7+23]
	RtlUserThreadStart [0x0x7ffca2bc8d9c+44]

2025-09-16 13:01:27,622 - WARNING - 处理日期元素时出错: Message: stale element reference: stale element not found
  (Session info: chrome=140.0.7339.128); For documentation on this error, please visit: https://www.selenium.dev/documentation/webdriver/troubleshooting/errors#staleelementreferenceexception
Stacktrace:
	GetHandleVerifier [0x0x7ff71d81fc95+79861]
	GetHandleVerifier [0x0x7ff71d81fcf0+79952]
	(No symbol) [0x0x7ff71d59cada]
	(No symbol) [0x0x7ff71d5b3295]
	(No symbol) [0x0x7ff71d5b1d83]
	(No symbol) [0x0x7ff71d5a5377]
	(No symbol) [0x0x7ff71d5a3230]
	(No symbol) [0x0x7ff71d5a770f]
	(No symbol) [0x0x7ff71d5a77cf]
	(No symbol) [0x0x7ff71d5f3d07]
	(No symbol) [0x0x7ff71d5f471c]
	(No symbol) [0x0x7ff71d5e6d0c]
	(No symbol) [0x0x7ff71d61cb1f]
	(No symbol) [0x0x7ff71d5e6bc6]
	(No symbol) [0x0x7ff71d61ccf0]
	(No symbol) [0x0x7ff71d644f8b]
	(No symbol) [0x0x7ff71d61c8b3]
	(No symbol) [0x0x7ff71d5e5272]
	(No symbol) [0x0x7ff71d5e6043]
	GetHandleVerifier [0x0x7ff71dadb9cd+2946349]
	GetHandleVerifier [0x0x7ff71dad5c4a+2922410]
	GetHandleVerifier [0x0x7ff71daf59d7+3052855]
	GetHandleVerifier [0x0x7ff71d83aa7e+189918]
	GetHandleVerifier [0x0x7ff71d842a1f+222591]
	GetHandleVerifier [0x0x7ff71d828ab4+116244]
	GetHandleVerifier [0x0x7ff71d828c69+116681]
	GetHandleVerifier [0x0x7ff71d80f048+11176]
	BaseThreadInitThunk [0x0x7ffca227e8d7+23]
	RtlUserThreadStart [0x0x7ffca2bc8d9c+44]

2025-09-16 13:01:27,623 - WARNING - 处理日期元素时出错: Message: stale element reference: stale element not found
  (Session info: chrome=140.0.7339.128); For documentation on this error, please visit: https://www.selenium.dev/documentation/webdriver/troubleshooting/errors#staleelementreferenceexception
Stacktrace:
	GetHandleVerifier [0x0x7ff71d81fc95+79861]
	GetHandleVerifier [0x0x7ff71d81fcf0+79952]
	(No symbol) [0x0x7ff71d59cada]
	(No symbol) [0x0x7ff71d5b3295]
	(No symbol) [0x0x7ff71d5b1d83]
	(No symbol) [0x0x7ff71d5a5377]
	(No symbol) [0x0x7ff71d5a3230]
	(No symbol) [0x0x7ff71d5a770f]
	(No symbol) [0x0x7ff71d5a77cf]
	(No symbol) [0x0x7ff71d5f3d07]
	(No symbol) [0x0x7ff71d5f471c]
	(No symbol) [0x0x7ff71d5e6d0c]
	(No symbol) [0x0x7ff71d61cb1f]
	(No symbol) [0x0x7ff71d5e6bc6]
	(No symbol) [0x0x7ff71d61ccf0]
	(No symbol) [0x0x7ff71d644f8b]
	(No symbol) [0x0x7ff71d61c8b3]
	(No symbol) [0x0x7ff71d5e5272]
	(No symbol) [0x0x7ff71d5e6043]
	GetHandleVerifier [0x0x7ff71dadb9cd+2946349]
	GetHandleVerifier [0x0x7ff71dad5c4a+2922410]
	GetHandleVerifier [0x0x7ff71daf59d7+3052855]
	GetHandleVerifier [0x0x7ff71d83aa7e+189918]
	GetHandleVerifier [0x0x7ff71d842a1f+222591]
	GetHandleVerifier [0x0x7ff71d828ab4+116244]
	GetHandleVerifier [0x0x7ff71d828c69+116681]
	GetHandleVerifier [0x0x7ff71d80f048+11176]
	BaseThreadInitThunk [0x0x7ffca227e8d7+23]
	RtlUserThreadStart [0x0x7ffca2bc8d9c+44]

2025-09-16 13:01:27,624 - WARNING - 处理日期元素时出错: Message: stale element reference: stale element not found
  (Session info: chrome=140.0.7339.128); For documentation on this error, please visit: https://www.selenium.dev/documentation/webdriver/troubleshooting/errors#staleelementreferenceexception
Stacktrace:
	GetHandleVerifier [0x0x7ff71d81fc95+79861]
	GetHandleVerifier [0x0x7ff71d81fcf0+79952]
	(No symbol) [0x0x7ff71d59cada]
	(No symbol) [0x0x7ff71d5b3295]
	(No symbol) [0x0x7ff71d5b1d83]
	(No symbol) [0x0x7ff71d5a5377]
	(No symbol) [0x0x7ff71d5a3230]
	(No symbol) [0x0x7ff71d5a770f]
	(No symbol) [0x0x7ff71d5a77cf]
	(No symbol) [0x0x7ff71d5f3d07]
	(No symbol) [0x0x7ff71d5f471c]
	(No symbol) [0x0x7ff71d5e6d0c]
	(No symbol) [0x0x7ff71d61cb1f]
	(No symbol) [0x0x7ff71d5e6bc6]
	(No symbol) [0x0x7ff71d61ccf0]
	(No symbol) [0x0x7ff71d644f8b]
	(No symbol) [0x0x7ff71d61c8b3]
	(No symbol) [0x0x7ff71d5e5272]
	(No symbol) [0x0x7ff71d5e6043]
	GetHandleVerifier [0x0x7ff71dadb9cd+2946349]
	GetHandleVerifier [0x0x7ff71dad5c4a+2922410]
	GetHandleVerifier [0x0x7ff71daf59d7+3052855]
	GetHandleVerifier [0x0x7ff71d83aa7e+189918]
	GetHandleVerifier [0x0x7ff71d842a1f+222591]
	GetHandleVerifier [0x0x7ff71d828ab4+116244]
	GetHandleVerifier [0x0x7ff71d828c69+116681]
	GetHandleVerifier [0x0x7ff71d80f048+11176]
	BaseThreadInitThunk [0x0x7ffca227e8d7+23]
	RtlUserThreadStart [0x0x7ffca2bc8d9c+44]

2025-09-16 13:01:31,289 - INFO - 收集到URL #1: https://epaper.bjnews.com.cn/html/2025/20250901/20250901_A01/20250901_A01_3930.html
2025-09-16 13:01:31,289 - INFO - 收集到URL #2: https://epaper.bjnews.com.cn/html/2025/20250902/20250902_A01/20250902_A01_4509.html
2025-09-16 13:01:31,289 - INFO - 收集到URL #3: https://epaper.bjnews.com.cn/html/2025/20250903/20250903_A01/20250903_A01_672.html
2025-09-16 13:01:31,289 - INFO - 收集到URL #4: https://epaper.bjnews.com.cn/html/2025/20250904/20250904_A01/20250904_A01_9226.html
2025-09-16 13:01:31,290 - INFO - 收集到URL #5: https://epaper.bjnews.com.cn/html/2025/20250905/20250905_A01/20250905_A01_8595.html
2025-09-16 13:01:31,290 - INFO - 收集到URL #6: https://epaper.bjnews.com.cn/html/2025/20250908/20250908_A01/20250908_A01_5035.html
2025-09-16 13:01:31,290 - INFO - 收集到URL #7: https://epaper.bjnews.com.cn/html/2025/20250909/20250909_A01/20250909_A01_6431.html
2025-09-16 13:01:31,290 - INFO - 收集到URL #8: https://epaper.bjnews.com.cn/html/2025/20250910/20250910_A01/20250910_A01_1765.html
2025-09-16 13:01:31,290 - INFO - 收集到URL #9: https://epaper.bjnews.com.cn/html/2025/20250911/20250911_A01/20250911_A01_2085.html
2025-09-16 13:01:31,290 - INFO - 收集到URL #10: https://epaper.bjnews.com.cn/html/2025/20250912/20250912_A01/20250912_A01_7210.html
2025-09-16 13:01:31,290 - INFO - 收集到URL #11: https://epaper.bjnews.com.cn/html/2025/20250915/20250915_A01/20250915_A01_7533.html
2025-09-16 13:01:31,290 - INFO - 收集到URL #12: https://epaper.bjnews.com.cn/html/2025/20250916/20250916_A01/20250916_A01_269.html
2025-09-16 13:01:34,387 - INFO - 正在访问主页: http://epaper.bjnews.com.cn/
2025-09-16 13:01:35,514 - INFO - 日期 1 已处理，跳过
2025-09-16 13:01:35,539 - INFO - 日期 2 已处理，跳过
2025-09-16 13:01:35,546 - INFO - 日期 3 已处理，跳过
2025-09-16 13:01:35,554 - INFO - 日期 4 已处理，跳过
2025-09-16 13:01:35,561 - INFO - 日期 5 已处理，跳过
2025-09-16 13:01:35,570 - INFO - 日期 8 已处理，跳过
2025-09-16 13:01:35,576 - INFO - 日期 9 已处理，跳过
2025-09-16 13:01:35,584 - INFO - 日期 10 已处理，跳过
2025-09-16 13:01:35,591 - INFO - 日期 11 已处理，跳过
2025-09-16 13:01:35,598 - INFO - 日期 12 已处理，跳过
2025-09-16 13:01:35,606 - INFO - 日期 15 已处理，跳过
2025-09-16 13:01:35,613 - INFO - 日期 16 已处理，跳过
2025-09-16 13:01:38,860 - INFO - 找到有效链接: https://epaper.bjnews.com.cn/html/2025/20250901/20250901_A01/20250901_A01_3930.html
2025-09-16 13:01:39,886 - INFO - 日期  已处理，跳过
2025-09-16 13:01:39,892 - INFO - 日期  已处理，跳过
2025-09-16 13:01:39,898 - INFO - 日期  已处理，跳过
2025-09-16 13:01:39,904 - INFO - 日期  已处理，跳过
2025-09-16 13:01:39,910 - INFO - 日期  已处理，跳过
2025-09-16 13:01:39,917 - INFO - 日期  已处理，跳过
2025-09-16 13:01:39,923 - INFO - 日期  已处理，跳过
2025-09-16 13:01:39,930 - INFO - 日期  已处理，跳过
2025-09-16 13:01:39,936 - INFO - 日期  已处理，跳过
2025-09-16 13:01:39,942 - INFO - 日期  已处理，跳过
2025-09-16 13:01:39,948 - INFO - 日期  已处理，跳过
2025-09-16 13:01:45,707 - INFO - 正在访问主页: http://epaper.bjnews.com.cn/
2025-09-16 13:01:46,410 - INFO - 日期 1 已处理，跳过
2025-09-16 13:01:46,418 - INFO - 日期 2 已处理，跳过
2025-09-16 13:01:46,426 - INFO - 日期 3 已处理，跳过
2025-09-16 13:01:46,433 - INFO - 日期 4 已处理，跳过
2025-09-16 13:01:46,441 - INFO - 日期 5 已处理，跳过
2025-09-16 13:01:46,449 - INFO - 日期 8 已处理，跳过
2025-09-16 13:01:46,457 - INFO - 日期 9 已处理，跳过
2025-09-16 13:01:46,465 - INFO - 日期 10 已处理，跳过
2025-09-16 13:01:46,472 - INFO - 日期 11 已处理，跳过
2025-09-16 13:01:46,479 - INFO - 日期 12 已处理，跳过
2025-09-16 13:01:46,485 - INFO - 日期 15 已处理，跳过
2025-09-16 13:01:46,492 - INFO - 日期 16 已处理，跳过
2025-09-16 13:01:46,500 - INFO - 日期  已处理，跳过
2025-09-16 13:01:46,506 - INFO - 日期  已处理，跳过
2025-09-16 13:01:46,513 - INFO - 日期  已处理，跳过
2025-09-16 13:01:46,520 - INFO - 日期  已处理，跳过
2025-09-16 13:01:46,528 - INFO - 日期  已处理，跳过
2025-09-16 13:01:46,535 - INFO - 日期  已处理，跳过
2025-09-16 13:01:46,544 - INFO - 日期  已处理，跳过
2025-09-16 13:01:46,550 - INFO - 日期  已处理，跳过
2025-09-16 13:01:46,557 - INFO - 日期  已处理，跳过
2025-09-16 13:01:46,564 - INFO - 日期  已处理，跳过
2025-09-16 13:01:46,570 - INFO - 日期  已处理，跳过
2025-09-16 13:01:46,577 - INFO - 日期  已处理，跳过
2025-09-16 13:01:51,056 - INFO - 共收集到 12 个日期URL
2025-09-16 13:01:51,057 - INFO - 
收集到的URL列表:
2025-09-16 13:01:51,057 - INFO - 1: https://epaper.bjnews.com.cn/html/2025/20250901/20250901_A01/20250901_A01_3930.html
2025-09-16 13:01:51,057 - INFO - 2: https://epaper.bjnews.com.cn/html/2025/20250902/20250902_A01/20250902_A01_4509.html
2025-09-16 13:01:51,057 - INFO - 3: https://epaper.bjnews.com.cn/html/2025/20250903/20250903_A01/20250903_A01_672.html
2025-09-16 13:01:51,057 - INFO - 4: https://epaper.bjnews.com.cn/html/2025/20250904/20250904_A01/20250904_A01_9226.html
2025-09-16 13:01:51,057 - INFO - 5: https://epaper.bjnews.com.cn/html/2025/20250905/20250905_A01/20250905_A01_8595.html
2025-09-16 13:01:51,057 - INFO - 6: https://epaper.bjnews.com.cn/html/2025/20250908/20250908_A01/20250908_A01_5035.html
2025-09-16 13:01:51,057 - INFO - 7: https://epaper.bjnews.com.cn/html/2025/20250909/20250909_A01/20250909_A01_6431.html
2025-09-16 13:01:51,057 - INFO - 8: https://epaper.bjnews.com.cn/html/2025/20250910/20250910_A01/20250910_A01_1765.html
2025-09-16 13:01:51,057 - INFO - 9: https://epaper.bjnews.com.cn/html/2025/20250911/20250911_A01/20250911_A01_2085.html
2025-09-16 13:01:51,057 - INFO - 10: https://epaper.bjnews.com.cn/html/2025/20250912/20250912_A01/20250912_A01_7210.html
2025-09-16 13:01:51,057 - INFO - 11: https://epaper.bjnews.com.cn/html/2025/20250915/20250915_A01/20250915_A01_7533.html
2025-09-16 13:01:51,057 - INFO - 12: https://epaper.bjnews.com.cn/html/2025/20250916/20250916_A01/20250916_A01_269.html
2025-09-16 13:01:51,057 - INFO - 
处理进度: 1/12
2025-09-16 13:01:51,058 - INFO - 开始处理日期: 20250901
2025-09-16 13:01:51,058 - INFO - 正在处理 20250901 版面 A01...
2025-09-16 13:01:52,374 - INFO - 正在获取页面 (尝试 1/3): http://epaper.bjnews.com.cn/html/2025/20250901/20250901_A01/
2025-09-16 13:01:58,664 - INFO - 正在获取页面 (尝试 1/3): http://epaper.bjnews.com.cn/html/2025/20250901/20250901_A01/index.html
2025-09-16 13:02:09,594 - INFO - 正在处理 20250901 版面 A02...
2025-09-16 13:02:10,831 - INFO - 正在获取页面 (尝试 1/3): http://epaper.bjnews.com.cn/html/2025/20250901/20250901_A02/
2025-09-16 13:02:17,123 - INFO - 正在获取页面 (尝试 1/3): http://epaper.bjnews.com.cn/html/2025/20250901/20250901_A02/index.html
2025-09-16 13:02:27,684 - INFO - 正在处理 20250901 版面 A03...
2025-09-16 13:02:28,759 - INFO - 正在获取页面 (尝试 1/3): http://epaper.bjnews.com.cn/html/2025/20250901/20250901_A03/
2025-09-16 13:02:35,096 - INFO - 正在获取页面 (尝试 1/3): http://epaper.bjnews.com.cn/html/2025/20250901/20250901_A03/index.html
2025-09-16 13:02:44,091 - INFO - 正在处理 20250901 版面 A04...
2025-09-16 13:02:45,153 - INFO - 正在获取页面 (尝试 1/3): http://epaper.bjnews.com.cn/html/2025/20250901/20250901_A04/
2025-09-16 13:02:51,511 - INFO - 正在获取页面 (尝试 1/3): http://epaper.bjnews.com.cn/html/2025/20250901/20250901_A04/index.html
2025-09-16 13:02:59,543 - INFO - 正在处理 20250901 版面 A05...
2025-09-16 13:03:00,579 - INFO - 正在获取页面 (尝试 1/3): http://epaper.bjnews.com.cn/html/2025/20250901/20250901_A05/
2025-09-16 13:03:06,971 - INFO - 正在获取页面 (尝试 1/3): http://epaper.bjnews.com.cn/html/2025/20250901/20250901_A05/index.html
2025-09-16 13:03:17,128 - INFO - 正在处理 20250901 版面 A06...
2025-09-16 13:03:18,178 - INFO - 正在获取页面 (尝试 1/3): http://epaper.bjnews.com.cn/html/2025/20250901/20250901_A06/
2025-09-16 13:03:25,160 - INFO - 正在获取页面 (尝试 1/3): http://epaper.bjnews.com.cn/html/2025/20250901/20250901_A06/index.html
2025-09-16 13:03:36,443 - INFO - 正在处理 20250901 版面 A07...
2025-09-16 13:03:37,453 - INFO - 正在获取页面 (尝试 1/3): http://epaper.bjnews.com.cn/html/2025/20250901/20250901_A07/
2025-09-16 13:03:44,732 - INFO - 使用选择器 '.article-content ul li a' 找到 5 个链接
2025-09-16 13:03:44,732 - INFO -   正在获取文章: http://epaper.bjnews.com.cn/html/2025/20250901/20250901_A07/20250916_A01_01_8086_1967601429229080578.html
2025-09-16 13:03:45,973 - INFO - 正在获取页面 (尝试 1/3): http://epaper.bjnews.com.cn/html/2025/20250901/20250901_A07/20250916_A01_01_8086_1967601429229080578.html
2025-09-16 13:03:56,435 - WARNING -   文章无有效内容: http://epaper.bjnews.com.cn/html/2025/20250901/20250901_A07/20250916_A01_01_8086_1967601429229080578.html
2025-09-16 13:03:57,436 - INFO -   正在获取文章: http://epaper.bjnews.com.cn/html/2025/20250901/20250901_A07/20250916_A01_02_8619_1967601429094862849.html
2025-09-16 13:03:58,668 - INFO - 正在获取页面 (尝试 1/3): http://epaper.bjnews.com.cn/html/2025/20250901/20250901_A07/20250916_A01_02_8619_1967601429094862849.html
2025-09-16 13:04:07,574 - WARNING -   文章无有效内容: http://epaper.bjnews.com.cn/html/2025/20250901/20250901_A07/20250916_A01_02_8619_1967601429094862849.html
2025-09-16 13:04:08,575 - INFO -   正在获取文章: http://epaper.bjnews.com.cn/html/2025/20250901/20250901_A07/20250916_A01_03_7151_1967601428918702082.html
2025-09-16 13:04:09,779 - INFO - 正在获取页面 (尝试 1/3): http://epaper.bjnews.com.cn/html/2025/20250901/20250901_A07/20250916_A01_03_7151_1967601428918702082.html
2025-09-16 13:04:20,014 - WARNING -   文章无有效内容: http://epaper.bjnews.com.cn/html/2025/20250901/20250901_A07/20250916_A01_03_7151_1967601428918702082.html
2025-09-16 13:04:21,014 - INFO -   正在获取文章: http://epaper.bjnews.com.cn/html/2025/20250901/20250901_A07/20250916_A01_04_951_1967601429052919810.html
2025-09-16 13:04:22,228 - INFO - 正在获取页面 (尝试 1/3): http://epaper.bjnews.com.cn/html/2025/20250901/20250901_A07/20250916_A01_04_951_1967601429052919810.html
2025-09-16 13:04:27,978 - WARNING -   文章无有效内容: http://epaper.bjnews.com.cn/html/2025/20250901/20250901_A07/20250916_A01_04_951_1967601429052919810.html
2025-09-16 13:04:28,978 - INFO -   正在获取文章: http://epaper.bjnews.com.cn/html/2025/20250901/20250901_A07/20250916_A01_05_2949_1967601428969033729.html
2025-09-16 13:04:30,210 - INFO - 正在获取页面 (尝试 1/3): http://epaper.bjnews.com.cn/html/2025/20250901/20250901_A07/20250916_A01_05_2949_1967601428969033729.html
2025-09-16 13:04:45,656 - WARNING -   文章无有效内容: http://epaper.bjnews.com.cn/html/2025/20250901/20250901_A07/20250916_A01_05_2949_1967601428969033729.html
2025-09-16 13:04:46,657 - INFO - 正在处理 20250901 版面 A08...
2025-09-16 13:04:47,923 - INFO - 正在获取页面 (尝试 1/3): http://epaper.bjnews.com.cn/html/2025/20250901/20250901_A08/
2025-09-16 13:04:54,309 - INFO - 正在获取页面 (尝试 1/3): http://epaper.bjnews.com.cn/html/2025/20250901/20250901_A08/index.html
2025-09-16 13:05:02,067 - INFO - 正在处理 20250901 版面 A09...
2025-09-16 13:05:03,116 - INFO - 正在获取页面 (尝试 1/3): http://epaper.bjnews.com.cn/html/2025/20250901/20250901_A09/
2025-09-16 13:05:10,031 - INFO - 正在获取页面 (尝试 1/3): http://epaper.bjnews.com.cn/html/2025/20250901/20250901_A09/index.html
2025-09-16 13:05:24,805 - INFO - 正在处理 20250901 版面 A10...
2025-09-16 13:05:25,840 - INFO - 正在获取页面 (尝试 1/3): http://epaper.bjnews.com.cn/html/2025/20250901/20250901_A10/
2025-09-16 13:05:32,176 - INFO - 正在获取页面 (尝试 1/3): http://epaper.bjnews.com.cn/html/2025/20250901/20250901_A10/index.html
2025-09-16 13:05:39,461 - INFO - 正在处理 20250901 版面 A11...
2025-09-16 13:05:40,498 - INFO - 正在获取页面 (尝试 1/3): http://epaper.bjnews.com.cn/html/2025/20250901/20250901_A11/
2025-09-16 13:05:46,928 - INFO - 正在获取页面 (尝试 1/3): http://epaper.bjnews.com.cn/html/2025/20250901/20250901_A11/index.html
2025-09-16 13:05:59,552 - INFO - 正在处理 20250901 版面 A12...
2025-09-16 13:06:00,788 - INFO - 正在获取页面 (尝试 1/3): http://epaper.bjnews.com.cn/html/2025/20250901/20250901_A12/
2025-09-16 13:06:08,120 - INFO - 正在获取页面 (尝试 1/3): http://epaper.bjnews.com.cn/html/2025/20250901/20250901_A12/index.html
2025-09-16 13:06:17,139 - INFO - 正在处理 20250901 版面 A13...
2025-09-16 13:06:18,187 - INFO - 正在获取页面 (尝试 1/3): http://epaper.bjnews.com.cn/html/2025/20250901/20250901_A13/
2025-09-16 13:06:25,929 - INFO - 使用选择器 '.article-content ul li a' 找到 5 个链接
2025-09-16 13:06:25,929 - INFO -   正在获取文章: http://epaper.bjnews.com.cn/html/2025/20250901/20250901_A13/20250916_A01_01_8086_1967601429229080578.html
2025-09-16 13:06:26,962 - INFO - 正在获取页面 (尝试 1/3): http://epaper.bjnews.com.cn/html/2025/20250901/20250901_A13/20250916_A01_01_8086_1967601429229080578.html
2025-09-16 13:06:35,152 - WARNING -   文章无有效内容: http://epaper.bjnews.com.cn/html/2025/20250901/20250901_A13/20250916_A01_01_8086_1967601429229080578.html
2025-09-16 13:06:36,153 - INFO -   正在获取文章: http://epaper.bjnews.com.cn/html/2025/20250901/20250901_A13/20250916_A01_02_8619_1967601429094862849.html
2025-09-16 13:06:37,364 - INFO - 正在获取页面 (尝试 1/3): http://epaper.bjnews.com.cn/html/2025/20250901/20250901_A13/20250916_A01_02_8619_1967601429094862849.html
2025-09-16 13:06:44,686 - WARNING -   文章无有效内容: http://epaper.bjnews.com.cn/html/2025/20250901/20250901_A13/20250916_A01_02_8619_1967601429094862849.html
2025-09-16 13:06:45,687 - INFO -   正在获取文章: http://epaper.bjnews.com.cn/html/2025/20250901/20250901_A13/20250916_A01_03_7151_1967601428918702082.html
2025-09-16 13:06:46,934 - INFO - 正在获取页面 (尝试 1/3): http://epaper.bjnews.com.cn/html/2025/20250901/20250901_A13/20250916_A01_03_7151_1967601428918702082.html
2025-09-16 13:06:56,105 - WARNING -   文章无有效内容: http://epaper.bjnews.com.cn/html/2025/20250901/20250901_A13/20250916_A01_03_7151_1967601428918702082.html
2025-09-16 13:06:57,106 - INFO -   正在获取文章: http://epaper.bjnews.com.cn/html/2025/20250901/20250901_A13/20250916_A01_04_951_1967601429052919810.html
2025-09-16 13:06:58,171 - INFO - 正在获取页面 (尝试 1/3): http://epaper.bjnews.com.cn/html/2025/20250901/20250901_A13/20250916_A01_04_951_1967601429052919810.html
2025-09-16 13:07:07,373 - WARNING -   文章无有效内容: http://epaper.bjnews.com.cn/html/2025/20250901/20250901_A13/20250916_A01_04_951_1967601429052919810.html
2025-09-16 13:07:08,374 - INFO -   正在获取文章: http://epaper.bjnews.com.cn/html/2025/20250901/20250901_A13/20250916_A01_05_2949_1967601428969033729.html
2025-09-16 13:07:09,628 - INFO - 正在获取页面 (尝试 1/3): http://epaper.bjnews.com.cn/html/2025/20250901/20250901_A13/20250916_A01_05_2949_1967601428969033729.html
2025-09-16 13:09:41,854 - INFO - ================================================================================
2025-09-16 13:09:41,854 - INFO - 新京报爬虫 - 增强版
2025-09-16 13:09:41,855 - INFO - 开始时间: 2025-09-16 13:09:41.854455
2025-09-16 13:09:41,855 - INFO - 输出目录: D:\CENTER\Data\2025\报纸\报纸源文本\新京
2025-09-16 13:09:41,855 - INFO - ================================================================================
2025-09-16 13:09:44,308 - INFO - 正在访问主页: http://epaper.bjnews.com.cn/
2025-09-16 13:09:47,024 - INFO - 找到 24 个日期元素
2025-09-16 13:09:49,960 - INFO - 通过点击获得链接: https://epaper.bjnews.com.cn/html/2025/20250901/20250901_A01/20250901_A01_3930.html
2025-09-16 13:09:55,155 - INFO - 通过点击获得链接: https://epaper.bjnews.com.cn/html/2025/20250902/20250902_A01/20250902_A01_4509.html
2025-09-16 13:10:00,506 - INFO - 通过点击获得链接: https://epaper.bjnews.com.cn/html/2025/20250903/20250903_A01/20250903_A01_672.html
2025-09-16 13:10:05,723 - INFO - 通过点击获得链接: https://epaper.bjnews.com.cn/html/2025/20250904/20250904_A01/20250904_A01_9226.html
2025-09-16 13:10:11,428 - INFO - 通过点击获得链接: https://epaper.bjnews.com.cn/html/2025/20250905/20250905_A01/20250905_A01_8595.html
2025-09-16 13:10:17,804 - INFO - 通过点击获得链接: https://epaper.bjnews.com.cn/html/2025/20250908/20250908_A01/20250908_A01_5035.html
2025-09-16 13:10:24,017 - INFO - 通过点击获得链接: https://epaper.bjnews.com.cn/html/2025/20250909/20250909_A01/20250909_A01_6431.html
2025-09-16 13:10:29,458 - INFO - 通过点击获得链接: https://epaper.bjnews.com.cn/html/2025/20250910/20250910_A01/20250910_A01_1765.html
2025-09-16 13:10:37,066 - INFO - 通过点击获得链接: https://epaper.bjnews.com.cn/html/2025/20250911/20250911_A01/20250911_A01_2085.html
2025-09-16 13:10:44,460 - INFO - 通过点击获得链接: https://epaper.bjnews.com.cn/html/2025/20250912/20250912_A01/20250912_A01_7210.html
2025-09-16 13:10:52,298 - INFO - 通过点击获得链接: https://epaper.bjnews.com.cn/html/2025/20250915/20250915_A01/20250915_A01_7533.html
2025-09-16 13:11:03,390 - INFO - 通过点击获得链接: https://epaper.bjnews.com.cn/html/2025/20250901/20250901_A01/20250901_A01_3930.html
2025-09-16 13:11:09,025 - INFO - 
共收集 10 个日期URL
2025-09-16 13:11:09,026 - INFO - 
进度: [1/10]
2025-09-16 13:11:09,026 - INFO - 开始处理日期: 20250901
2025-09-16 13:11:09,026 - INFO - 处理版面 A01...
2025-09-16 13:11:10,088 - INFO - 获取页面 (尝试 1/3): http://epaper.bjnews.com.cn/html/2025/20250901/20250901_A01/
2025-09-16 13:11:14,155 - WARNING - 检测到反爬机制，尝试绕过...
2025-09-16 13:11:15,208 - INFO - 等待 5.3 秒后重试...
2025-09-16 13:11:20,541 - INFO - 获取页面 (尝试 2/3): http://epaper.bjnews.com.cn/html/2025/20250901/20250901_A01/
2025-09-16 13:11:24,871 - WARNING - 检测到反爬机制，尝试绕过...
2025-09-16 13:11:25,936 - INFO - 等待 7.7 秒后重试...
2025-09-16 13:11:33,683 - INFO - 获取页面 (尝试 3/3): http://epaper.bjnews.com.cn/html/2025/20250901/20250901_A01/
2025-09-16 13:11:37,120 - WARNING - 检测到反爬机制，尝试绕过...
2025-09-16 13:11:37,120 - ERROR - 达到最大重试次数: http://epaper.bjnews.com.cn/html/2025/20250901/20250901_A01/
2025-09-16 13:11:43,324 - WARNING - 版面 A01 加载失败
2025-09-16 13:11:43,324 - INFO - 处理版面 A02...
2025-09-16 13:11:44,624 - INFO - 获取页面 (尝试 1/3): http://epaper.bjnews.com.cn/html/2025/20250901/20250901_A02/
2025-09-16 13:11:49,191 - WARNING - 检测到反爬机制，尝试绕过...
2025-09-16 13:11:50,419 - INFO - 等待 5.2 秒后重试...
2025-09-16 13:11:55,581 - INFO - 获取页面 (尝试 2/3): http://epaper.bjnews.com.cn/html/2025/20250901/20250901_A02/
2025-09-16 13:11:59,812 - WARNING - 检测到反爬机制，尝试绕过...
2025-09-16 13:12:01,039 - INFO - 等待 7.7 秒后重试...
2025-09-16 13:12:08,764 - INFO - 获取页面 (尝试 3/3): http://epaper.bjnews.com.cn/html/2025/20250901/20250901_A02/
2025-09-16 13:12:12,065 - WARNING - 检测到反爬机制，尝试绕过...
2025-09-16 13:12:12,065 - ERROR - 达到最大重试次数: http://epaper.bjnews.com.cn/html/2025/20250901/20250901_A02/
2025-09-16 13:12:18,778 - WARNING - 版面 A02 加载失败
2025-09-16 13:12:18,779 - INFO - 处理版面 A03...
2025-09-16 13:12:20,018 - INFO - 获取页面 (尝试 1/3): http://epaper.bjnews.com.cn/html/2025/20250901/20250901_A03/
2025-09-16 13:12:24,516 - WARNING - 检测到反爬机制，尝试绕过...
2025-09-16 13:12:25,570 - INFO - 等待 4.3 秒后重试...
2025-09-16 13:12:29,859 - INFO - 获取页面 (尝试 2/3): http://epaper.bjnews.com.cn/html/2025/20250901/20250901_A03/
2025-09-16 13:12:36,227 - WARNING - 检测到反爬机制，尝试绕过...
2025-09-16 13:12:37,494 - INFO - 等待 7.6 秒后重试...
2025-09-16 13:12:45,141 - INFO - 获取页面 (尝试 3/3): http://epaper.bjnews.com.cn/html/2025/20250901/20250901_A03/
2025-09-16 13:12:49,327 - WARNING - 检测到反爬机制，尝试绕过...
2025-09-16 13:12:49,328 - ERROR - 达到最大重试次数: http://epaper.bjnews.com.cn/html/2025/20250901/20250901_A03/
2025-09-16 13:12:57,513 - WARNING - 版面 A03 加载失败
2025-09-16 13:12:57,513 - INFO - 处理版面 A04...
2025-09-16 13:12:58,565 - INFO - 获取页面 (尝试 1/3): http://epaper.bjnews.com.cn/html/2025/20250901/20250901_A04/
2025-09-16 13:13:10,383 - WARNING - 检测到反爬机制，尝试绕过...
2025-09-16 13:13:11,630 - INFO - 等待 5.5 秒后重试...
2025-09-16 13:13:17,166 - INFO - 获取页面 (尝试 2/3): http://epaper.bjnews.com.cn/html/2025/20250901/20250901_A04/
2025-09-16 13:13:25,289 - WARNING - 检测到反爬机制，尝试绕过...
2025-09-16 13:13:27,684 - INFO - 等待 11.4 秒后重试...
2025-09-16 13:13:39,113 - INFO - 获取页面 (尝试 3/3): http://epaper.bjnews.com.cn/html/2025/20250901/20250901_A04/
2025-09-16 13:13:43,403 - WARNING - 检测到反爬机制，尝试绕过...
2025-09-16 13:13:43,403 - ERROR - 达到最大重试次数: http://epaper.bjnews.com.cn/html/2025/20250901/20250901_A04/
2025-09-16 13:13:51,213 - WARNING - 版面 A04 加载失败
2025-09-16 13:13:51,213 - INFO - 处理版面 A05...
2025-09-16 13:13:52,457 - INFO - 获取页面 (尝试 1/3): http://epaper.bjnews.com.cn/html/2025/20250901/20250901_A05/
2025-09-16 13:13:55,166 - WARNING - 检测到反爬机制，尝试绕过...
2025-09-16 13:13:56,375 - INFO - 等待 4.2 秒后重试...
2025-09-16 13:14:00,612 - INFO - 获取页面 (尝试 2/3): http://epaper.bjnews.com.cn/html/2025/20250901/20250901_A05/
2025-09-16 13:14:03,570 - WARNING - 检测到反爬机制，尝试绕过...
2025-09-16 13:14:04,795 - INFO - 等待 8.9 秒后重试...
2025-09-16 13:14:13,692 - INFO - 获取页面 (尝试 3/3): http://epaper.bjnews.com.cn/html/2025/20250901/20250901_A05/
2025-09-16 13:14:16,931 - WARNING - Retrying (Retry(total=2, connect=None, read=None, redirect=None, status=None)) after connection broken by 'ConnectionResetError(10054, '远程主机强迫关闭了一个现有的连接。', None, 10054, None)': /session/35ebd990c2d127311d0841b4d892147c
2025-09-16 13:14:21,033 - WARNING - Retrying (Retry(total=1, connect=None, read=None, redirect=None, status=None)) after connection broken by 'NewConnectionError('<urllib3.connection.HTTPConnection object at 0x0000026C8D8F1370>: Failed to establish a new connection: [WinError 10061] 由于目标计算机积极拒绝，无法连接。')': /session/35ebd990c2d127311d0841b4d892147c
2025-09-16 13:14:25,117 - WARNING - Retrying (Retry(total=0, connect=None, read=None, redirect=None, status=None)) after connection broken by 'NewConnectionError('<urllib3.connection.HTTPConnection object at 0x0000026C8D8F1AE0>: Failed to establish a new connection: [WinError 10061] 由于目标计算机积极拒绝，无法连接。')': /session/35ebd990c2d127311d0841b4d892147c
